pydev debugger: starting (pid: 8708)
[30.0, u'Garfield Elementary School', u'Parks & Rec program', u'English Language Arts', u'99.4', u'31.1']
[30.0, u'Garfield Elementary School', u'Parks & Rec program', u'Mathematics', u'99.4', u'24.6']
[36.0, u'Lincoln Elementary School', u'Summer School', u'English Language Arts', u'99.4', u'46.1']
[36.0, u'Lincoln Elementary School', u'Summer School', u'Mathematics', u'98.8', u'35.5']
[39.0, u'Wilson Elementary School', u'Parks & Rec program', u'English Language Arts', u'97.0', u'51.3']
[39.0, u'Wilson Elementary School', u'Parks & Rec program', u'Mathematics', u'97.0', u'55.1']
[72.0, u'Whitcomb Elementary School', u'Metropolitan Family Services intructional and enrichment programs', u'English Language Arts', u'99.1', u'28.1']
[72.0, u'Whitcomb Elementary School', u'Metropolitan Family Services intructional and enrichment programs', u'Mathematics', u'99.1', u'18.0']
[86.0, u'Milwaukie High School', u'High School Summer School', u'English Language Arts', u'97.3', u'61.6']
[86.0, u'Milwaukie High School', u'High School Summer School', u'Mathematics', u'98.4', u'14.6']
[94.0, u'Molalla Elementary School', None, u'English Language Arts', u'98.5', u'35.7']
[94.0, u'Molalla Elementary School', None, u'Mathematics', u'99.0', u'39.0']
[107.0, u'Holcomb Elementary School', u'There will be games, reading and/or art activities going on each day.', u'English Language Arts', u'100', u'46.7']
[107.0, u'Holcomb Elementary School', u'There will be games, reading and/or art activities going on each day.', u'Mathematics', u'100', u'40.5']
[115.0, u'Gardiner Middle School', u'Arts and crafts, literacy and/or games.', u'English Language Arts', u'98.5', u'65.6']
[115.0, u'Gardiner Middle School', u'Arts and crafts, literacy and/or games.', u'Mathematics', u'97.9', u'45.2']
[119.0, u'Butte Creek Elementary School', u'Public School', u'English Language Arts', u'100', u'58.7']
[119.0, u'Butte Creek Elementary School', u'Public School', u'Mathematics', u'100', u'46.6']
[121.0, u'Mulino Elementary School', u'Head Start class schedule', u'English Language Arts', u'97.6', u'45.5']
[121.0, u'Mulino Elementary School', u'Head Start class schedule', u'Mathematics', u'97.6', u'37.4']
[122.0, u'William Knight Elementary School', None, u'English Language Arts', u'96.7', u'53.7']
[122.0, u'William Knight Elementary School', None, u'Mathematics', u'93.3', u'48.5']
[130.0, u'Eagle Creek Elementary School', None, u'English Language Arts', u'97.4', u'41.8']
[130.0, u'Eagle Creek Elementary School', None, u'Mathematics', u'97.4', u'25.3']
[144.0, u'Astoria Middle School', u'Migrant Summer School', u'English Language Arts', u'97.0', u'63.3']
[144.0, u'Astoria Middle School', u'Migrant Summer School', u'Mathematics', u'98.8', u'44.0']
[150.0, u'Broadway Middle School', None, u'English Language Arts', u'98.2', u'52.4']
[150.0, u'Broadway Middle School', None, u'Mathematics', u'97.9', u'36.6']
[152.0, u'Seaside Heights Elementary School', u'The activity is not sponsored by the School District; however, the local Parks and Recreation District rents part of the facility for a daily summer program.', u'English Language Arts', u'99.5', u'46.3']
[152.0, u'Seaside Heights Elementary School', u'The activity is not sponsored by the School District; however, the local Parks and Recreation District rents part of the facility for a daily summer program.', u'Mathematics', u'99.5', u'32.1']
[156.0, u'Warrenton Grade School', u'Summer pre-school.', u'English Language Arts', u'99.5', u'46.2']
[156.0, u'Warrenton Grade School', u'Summer pre-school.', u'Mathematics', u'99.3', u'36.9']
[163.0, u'Clatskanie Elementary School', u'They are doing KinderCamp this week.  It will also be a good test to see if we would want to expand program in the future.', u'English Language Arts', u'98.5', u'50.3']
[163.0, u'Clatskanie Elementary School', u'They are doing KinderCamp this week.  It will also be a good test to see if we would want to expand program in the future.', u'Mathematics', u'98.5', u'35.6']
[171.0, u'Hudson Park Elementary School', u'Basketball Skills Camp - June 10-12 Swimming June 22 - August 28  Grow Healthy Kids Cooking Class Tuesday and Thursday July 7-30  HS Summer School.    Elementary Summer School   Check out the Rainier School District Website at www.rainier.k12.or.us for details on all of our summer activities. ', u'English Language Arts', u'100', u'45.1']
[171.0, u'Hudson Park Elementary School', u'Basketball Skills Camp - June 10-12 Swimming June 22 - August 28  Grow Healthy Kids Cooking Class Tuesday and Thursday July 7-30  HS Summer School.    Elementary Summer School   Check out the Rainier School District Website at www.rainier.k12.or.us for details on all of our summer activities. ', u'Mathematics', u'100', u'40.0']
[191.0, u'Coquille Junior Senior High', None, u'English Language Arts', u'100', u'53.8']
[191.0, u'Coquille Junior Senior High', None, u'Mathematics', u'99.4', u'44.4']
[192.0, u'Blossom Gulch Elementary School', None, u'English Language Arts', u'100', u'37.8']
[192.0, u'Blossom Gulch Elementary School', None, u'Mathematics', u'99.2', u'34.1']
[196.0, u'Madison Elementary School', None, u'English Language Arts', u'100', u'40.2']
[196.0, u'Madison Elementary School', None, u'Mathematics', u'100', u'46.1']
[197.0, u'Millicoma School', None, u'English Language Arts', u'99.6', u'43.4']
[197.0, u'Millicoma School', None, u'Mathematics', u'99.1', u'33.6']
[204.0, u'Hillcrest Elementary School', None, u'English Language Arts', u'99.2', u'58.6']
[204.0, u'Hillcrest Elementary School', None, u'Mathematics', u'99.6', u'55.9']
[205.0, u'North Bay Elementary School', None, u'English Language Arts', u'98.3', u'47.8']
[205.0, u'North Bay Elementary School', None, u'Mathematics', u'98.3', u'37.4']
[208.0, u'North Bend Middle School', None, u'English Language Arts', u'98.6', u'39.0']
[208.0, u'North Bend Middle School', None, u'Mathematics', u'97.5', u'26.3']
[209.0, u'North Bend Senior High School', None, u'English Language Arts', u'93.1', u'54.7']
[209.0, u'North Bend Senior High School', None, u'Mathematics', u'89.9', u'19.6']
[219.0, u'Crooked River Elementary School', None, u'English Language Arts', u'98.5', u'53.1']
[219.0, u'Crooked River Elementary School', None, u'Mathematics', u'99.0', u'50.8']
[221.0, u'Ochoco Elementary School', u'Kids Club - Crafts, Sports, Enrichment / Summer School  Sibling 1-18 welcome', u'English Language Arts', u'96.9', u'35.5']
[221.0, u'Ochoco Elementary School', u'Kids Club - Crafts, Sports, Enrichment / Summer School  Sibling 1-18 welcome', u'Mathematics', u'97.5', u'28.8']
[228.0, u'Driftwood Elementary School', u'Summer Math & Reading activities.', u'English Language Arts', u'98.7', u'50.0']
[228.0, u'Driftwood Elementary School', u'Summer Math & Reading activities.', u'Mathematics', u'98.7', u'43.6']
[231.0, u'Riley Creek Elementary School', u'School, Athletic Events, Community Events, etc.  ', u'English Language Arts', u'100', u'52.4']
[231.0, u'Riley Creek Elementary School', u'School, Athletic Events, Community Events, etc.  ', u'Mathematics', u'98.9', u'29.0']
[237.0, u'Brookings-Harbor High School', u'Crafts, reading, sports activities, field trips etc.', u'English Language Arts', u'99.2', u'58.9']
[237.0, u'Brookings-Harbor High School', u'Crafts, reading, sports activities, field trips etc.', u'Mathematics', u'98.4', u'18.7']
[239.0, u'Gold Beach High School', u'School, Athletic Events, Community Events, etc.', u'English Language Arts', u'88.6', u'77.4']
[239.0, u'Gold Beach High School', u'School, Athletic Events, Community Events, etc.', u'Mathematics', u'91.4', u'31.3']
[241.0, u'Bear Creek Elementary School', u'Lunch and Learn', u'English Language Arts', u'99.7', u'42.0']
[241.0, u'Bear Creek Elementary School', u'Lunch and Learn', u'Mathematics', u'99.7', u'41.0']
[256.0, u'Sage Elementary School', u'Summer enrichment program for migrant students.', u'English Language Arts', u'99.3', u'47.9']
[256.0, u'Sage Elementary School', u'Summer enrichment program for migrant students.', u'Mathematics', u'97.6', u'43.2']
[263.0, u'Redmond High School', u'Camp 9-program for incoming Freshman to strengthen the transition to high school.   ', u'English Language Arts', u'95.8', u'67.0']
[263.0, u'Redmond High School', u'Camp 9-program for incoming Freshman to strengthen the transition to high school.   ', u'Mathematics', u'94.1', u'18.5']
[270.0, u'Fir Grove Elementary School', None, u'English Language Arts', u'100', u'52.5']
[270.0, u'Fir Grove Elementary School', None, u'Mathematics', u'100', u'43.9']
[271.0, u'Fullerton IV Elementary School', u'Extended School Year.', u'English Language Arts', u'100', u'31.5']
[271.0, u'Fullerton IV Elementary School', u'Extended School Year.', u'Mathematics', u'100', u'24.2']
[272.0, u'Green Elementary School', None, u'English Language Arts', u'98.8', u'32.1']
[272.0, u'Green Elementary School', None, u'Mathematics', u'97.1', u'29.1']
[276.0, u'Sunnyslope Elementary School', None, u'English Language Arts', u'100', u'19.0']
[276.0, u'Sunnyslope Elementary School', None, u'Mathematics', u'100', u'22.5']
[277.0, u'Winchester Elementary', None, u'English Language Arts', u'99.4', u'26.9']
[277.0, u'Winchester Elementary', None, u'Mathematics', u'99.4', u'23.4']
[279.0, u'Joseph Lane Middle School', None, u'English Language Arts', u'99.7', u'56.5']
[279.0, u'Joseph Lane Middle School', None, u'Mathematics', u'98.1', u'37.1']
[280.0, u'Roseburg High School', u'Extended School Year.', u'English Language Arts', u'97.7', u'74.3']
[280.0, u'Roseburg High School', u'Extended School Year.', u'Mathematics', u'97.2', u'30.6']
[289.0, u'Canyonville School', u'crafts, games and summer school', u'English Language Arts', u'99.2', u'39.2']
[289.0, u'Canyonville School', u'crafts, games and summer school', u'Mathematics', u'97.5', u'25.4']
[290.0, u'Myrtle Creek Elementary School', u'Crafts, games, and summer school', u'English Language Arts', u'100', u'29.5']
[290.0, u'Myrtle Creek Elementary School', u'Crafts, games, and summer school', u'Mathematics', u'100', u'16.8']
[292.0, u'Tri City Elementary School', u'crafts/games/summer school', u'English Language Arts', u'100', u'33.6']
[292.0, u'Tri City Elementary School', u'crafts/games/summer school', u'Mathematics', u'100', u'22.1']
[296.0, u'North Douglas Elementary School', u'Summer School and Extended School Year Programs at the site(s).', u'English Language Arts', u'98.6', u'41.5']
[296.0, u'North Douglas Elementary School', u'Summer School and Extended School Year Programs at the site(s).', u'Mathematics', u'97.9', u'41.1']
[304.0, u'Riddle Elementary School', u'Crafts and summer school', u'English Language Arts', u'98.1', u'35.8']
[304.0, u'Riddle Elementary School', u'Crafts and summer school', u'Mathematics', u'97.2', u'25.7']
[306.0, u'Glendale Elementary School', u'A book reading program for six days in August', u'English Language Arts', u'97.6', u'29.6']
[306.0, u'Glendale Elementary School', u'A book reading program for six days in August', u'Mathematics', u'98.2', u'14.1']
[309.0, u'Highland Elementary School', None, u'English Language Arts', u'98.4', u'27.6']
[309.0, u'Highland Elementary School', None, u'Mathematics', u'97.9', u'19.6']
[320.0, u'West Sutherlin Intermediate', u'Summer school program', u'English Language Arts', u'99.3', u'51.9']
[320.0, u'West Sutherlin Intermediate', u'Summer school program', u'Mathematics', u'100', u'37.2']
[363.0, u'Mid Valley Elementary School', u'Migrant School', u'English Language Arts', u'99.1', u'33.3']
[363.0, u'Mid Valley Elementary School', u'Migrant School', u'Mathematics', u'98.3', u'35.4']
[371.0, u'Phoenix Elementary School', None, u'English Language Arts', u'99.4', u'39.1']
[371.0, u'Phoenix Elementary School', None, u'Mathematics', u'98.9', u'27.7']
[372.0, u'Talent Elementary School', u'Crafts & Group Activities, Boys & Girls Club', u'English Language Arts', u'88.2', u'45.2']
[372.0, u'Talent Elementary School', u'Crafts & Group Activities, Boys & Girls Club', u'Mathematics', u'98.8', u'32.7']
[374.0, u'Phoenix High School', None, u'English Language Arts', u'99.4', u'66.5']
[374.0, u'Phoenix High School', None, u'Mathematics', u'99.4', u'44.1']
[375.0, u'Bellview Elementary School', u'Summer school', u'English Language Arts', u'100', u'74.1']
[375.0, u'Bellview Elementary School', u'Summer school', u'Mathematics', u'100', u'66.0']
[377.0, u'Helman Elementary School', u'Summer School', u'English Language Arts', u'98.0', u'70.7']
[377.0, u'Helman Elementary School', u'Summer School', u'Mathematics', u'96.7', u'61.2']
[379.0, u'Walker Elementary School', u'Summer School, Emergency services personnel visits, Science Works, daily activity table', u'English Language Arts', u'100', u'64.5']
[379.0, u'Walker Elementary School', u'Summer School, Emergency services personnel visits, Science Works, daily activity table', u'Mathematics', u'100', u'60.9']
[381.0, u'Ashland High School', u'This is a Migrant Head Start center. The site is CCD certified.', u'English Language Arts', u'99.1', u'82.7']
[381.0, u'Ashland High School', u'This is a Migrant Head Start center. The site is CCD certified.', u'Mathematics', u'98.3', u'50.7']
[382.0, u'Central Point Elementary School', None, u'English Language Arts', u'97.3', u'40.6']
[382.0, u'Central Point Elementary School', None, u'Mathematics', u'98.2', u'41.1']
[383.0, u'Jewett Elementary School', u'The school is on a grant.  They provide summer school for identified kids as per the grant.  However we serve all kids that come to the school for lunch.  The kids who are in school just eat with the rest of the guests we have.', u'English Language Arts', u'100', u'42.1']
[383.0, u'Jewett Elementary School', u'The school is on a grant.  They provide summer school for identified kids as per the grant.  However we serve all kids that come to the school for lunch.  The kids who are in school just eat with the rest of the guests we have.', u'Mathematics', u'100', u'38.1']
[388.0, u'Scenic Middle School', u'School District sponsored Migrant program.  It is scheduled daily classes for a targeted group of students.', u'English Language Arts', u'99.4', u'58.3']
[388.0, u'Scenic Middle School', u'School District sponsored Migrant program.  It is scheduled daily classes for a targeted group of students.', u'Mathematics', u'99.0', u'44.1']
[390.0, u'Hillside Elementary', u'Summer School Focusing on math & reading grades K - 5  open to public during lunch service time.   Play ground on campus accessable', u'English Language Arts', u'99.6', u'35.1']
[390.0, u'Hillside Elementary', u'Summer School Focusing on math & reading grades K - 5  open to public during lunch service time.   Play ground on campus accessable', u'Mathematics', u'99.1', u'33.5']
[393.0, u'Shady Cove School', u'Shady Cove Summer School, enrolled program for students focusing on math and reading, Upper Rogue Youth Activities Program housed at the community center. Theatre Day Camp at Shady Cove School, as well as Robotics Day camp will also be housed at the community center, shall all participate with their meals at Shady Cove Open Site.', u'English Language Arts', u'100', u'32.9']
[393.0, u'Shady Cove School', u'Shady Cove Summer School, enrolled program for students focusing on math and reading, Upper Rogue Youth Activities Program housed at the community center. Theatre Day Camp at Shady Cove School, as well as Robotics Day camp will also be housed at the community center, shall all participate with their meals at Shady Cove Open Site.', u'Mathematics', u'100', u'23.3']
[394.0, u'Table Rock Elementary', u'Kids Unlimited has games, sports, educational, and physical activities daily. Kinder academy will be running in August 2015.', u'English Language Arts', u'100', u'33.0']
[394.0, u'Table Rock Elementary', u'Kids Unlimited has games, sports, educational, and physical activities daily. Kinder academy will be running in August 2015.', u'Mathematics', u'100', u'25.2']
[396.0, u'Eagle Point Middle School', u'Summer School classes  open to public during service time', u'English Language Arts', u'98.7', u'55.8']
[396.0, u'Eagle Point Middle School', u'Summer School classes  open to public during service time', u'Mathematics', u'98.9', u'32.1']
[397.0, u'Eagle Point High School', u'High School Credit Retrieval, Freshman Readiness courses, sports practice, theatre practice, weight lifting, and band. There are grades nine through twelve, and groups include AM and PM. Special note: 2 two week sessions, June 16th through 27th M-F, and August 11th through 22nd M-F.', u'English Language Arts', u'97.6', u'72.9']
[397.0, u'Eagle Point High School', u'High School Credit Retrieval, Freshman Readiness courses, sports practice, theatre practice, weight lifting, and band. There are grades nine through twelve, and groups include AM and PM. Special note: 2 two week sessions, June 16th through 27th M-F, and August 11th through 22nd M-F.', u'Mathematics', u'97.3', u'21.1']
[399.0, u'Rogue River Elementary School', None, u'English Language Arts', u'98.6', u'29.6']
[399.0, u'Rogue River Elementary School', None, u'Mathematics', u'99.5', u'24.2']
[406.0, u'Butte Falls Charter School', None, u'English Language Arts', u'100', u'25.3']
[406.0, u'Butte Falls Charter School', None, u'Mathematics', u'100', u'16.5']
[411.0, u'Jackson Elementary School', u'Crafts & Group Activities', u'English Language Arts', u'99.2', u'33.2']
[411.0, u'Jackson Elementary School', u'Crafts & Group Activities', u'Mathematics', u'99.2', u'28.3']
[417.0, u'Roosevelt Elementary School', u'continued education curriculum, Migrant Education Site', u'English Language Arts', u'100', u'47.2']
[417.0, u'Roosevelt Elementary School', u'continued education curriculum, Migrant Education Site', u'Mathematics', u'100', u'41.7']
[419.0, u'Washington Elementary School', u'Continued education curriculum - Migrant Ed. Site', u'English Language Arts', u'98.6', u'30.6']
[419.0, u'Washington Elementary School', u'Continued education curriculum - Migrant Ed. Site', u'Mathematics', u'99.5', u'17.2']
[421.0, u'Hedrick Middle School', u'Continued education curriculum', u'English Language Arts', u'98.0', u'61.3']
[421.0, u'Hedrick Middle School', u'Continued education curriculum', u'Mathematics', u'97.8', u'43.8']
[422.0, u'McLoughlin Middle School', u'Continued education curriculum', u'English Language Arts', u'99.6', u'50.9']
[422.0, u'McLoughlin Middle School', u'Continued education curriculum', u'Mathematics', u'99.3', u'34.8']
[423.0, u'South Medford High School', u'Continued education curriculum', u'English Language Arts', u'92.3', u'52.9']
[423.0, u'South Medford High School', u'Continued education curriculum', u'Mathematics', u'97.7', u'24.6']
[424.0, u'North Medford High School', u'Continued education curriculum', u'English Language Arts', u'97.5', u'64.2']
[424.0, u'North Medford High School', u'Continued education curriculum', u'Mathematics', u'96.4', u'30.7']
[431.0, u'Metolius Elementary School', None, u'English Language Arts', u'100', u'34.6']
[431.0, u'Metolius Elementary School', None, u'Mathematics', u'100', u'23.5']
[432.0, u'Warm Springs K-8 Academy', u'K-1 Summer Program', u'English Language Arts', u'97.8', u'9.8']
[432.0, u'Warm Springs K-8 Academy', u'K-1 Summer Program', u'Mathematics', u'97.4', u'9.3']
[435.0, u'Allen Dale Elementary School', u'play ground, science camp, walking path, open library day', u'English Language Arts', u'99.6', u'43.4']
[435.0, u'Allen Dale Elementary School', u'play ground, science camp, walking path, open library day', u'Mathematics', u'98.5', u'40.0']
[442.0, u'Grants Pass High School', u'Camps,summer classes,GP City Pool,Family Solutions', u'English Language Arts', u'78.9', u'43.5']
[442.0, u'Grants Pass High School', u'Camps,summer classes,GP City Pool,Family Solutions', u'Mathematics', u'83.5', u'23.0']
[443.0, u'Evergreen Elementary School', u'recreational and cultural activities', u'English Language Arts', u'99.5', u'43.8']
[443.0, u'Evergreen Elementary School', u'recreational and cultural activities', u'Mathematics', u'99.0', u'39.6']
[444.0, u'Fleming Middle School', None, u'English Language Arts', u'99.2', u'62.1']
[444.0, u'Fleming Middle School', None, u'Mathematics', u'99.5', u'39.6']
[445.0, u'Fruitdale Elementary School', None, u'English Language Arts', u'100', u'62.1']
[445.0, u'Fruitdale Elementary School', None, u'Mathematics', u'100', u'54.4']
[448.0, u'Lincoln Savage Middle School', None, u'English Language Arts', u'99.4', u'62.4']
[448.0, u'Lincoln Savage Middle School', None, u'Mathematics', u'98.6', u'39.4']
[455.0, u'Hidden Valley High School', u'Math, Science-summer school', u'English Language Arts', u'98.8', u'64.4']
[455.0, u'Hidden Valley High School', u'Math, Science-summer school', u'Mathematics', u'98.8', u'23.3']
[457.0, u'North Valley High School', None, u'English Language Arts', u'94.2', u'74.0']
[457.0, u'North Valley High School', None, u'Mathematics', u'93.5', u'23.8']
[457.0, u'North Valley High School', None, u'English Language Arts', u'94.2', u'74.0']
[457.0, u'North Valley High School', None, u'Mathematics', u'93.5', u'23.8']
[459.0, u'Joseph Conger Elementary School', None, u'English Language Arts', u'98.5', u'34.2']
[459.0, u'Joseph Conger Elementary School', None, u'Mathematics', u'98.0', u'44.6']
[467.0, u'Bonanza Elementary School', None, u'English Language Arts', u'100', u'39.2']
[467.0, u'Bonanza Elementary School', None, u'Mathematics', u'100', u'26.7']
[467.0, u'Bonanza Elementary School', u'summer school', u'English Language Arts', u'100', u'39.2']
[467.0, u'Bonanza Elementary School', u'summer school', u'Mathematics', u'100', u'26.7']
[468.0, u'Chiloquin Elementary School', None, u'English Language Arts', u'100', u'25.7']
[468.0, u'Chiloquin Elementary School', None, u'Mathematics', u'100', u'31.1']
[474.0, u'Keno Elementary School', None, u'English Language Arts', u'100', u'52.3']
[474.0, u'Keno Elementary School', None, u'Mathematics', u'100', u'44.3']
[475.0, u'Malin Elementary School', None, u'English Language Arts', u'100', u'47.4']
[475.0, u'Malin Elementary School', None, u'Mathematics', u'100', u'33.3']
[476.0, u'Merrill Elementary School', u'Migrant school program', u'English Language Arts', u'100', u'62.3']
[476.0, u'Merrill Elementary School', u'Migrant school program', u'Mathematics', u'100', u'42.9']
[477.0, u'Peterson Elementary School', u'Camp Invention activities', u'English Language Arts', u'100', u'47.1']
[477.0, u'Peterson Elementary School', u'Camp Invention activities', u'Mathematics', u'100', u'40.1']
[478.0, u'Shasta Elementary School', u'summer school at Falcon Heights, plus open site', u'English Language Arts', u'99.7', u'44.1']
[478.0, u'Shasta Elementary School', u'summer school at Falcon Heights, plus open site', u'Mathematics', u'100', u'41.2']
[479.0, u'Stearns Elementary School', u'summer school; plus open site', u'English Language Arts', u'100', u'32.5']
[479.0, u'Stearns Elementary School', u'summer school; plus open site', u'Mathematics', u'100', u'28.4']
[504.0, u'Awbrey Park Elementary School', None, u'English Language Arts', u'98.4', u'53.8']
[504.0, u'Awbrey Park Elementary School', None, u'Mathematics', u'98.9', u'48.1']
[520.0, u'Madison Middle School', None, u'English Language Arts', u'98.3', u'55.2']
[520.0, u'Madison Middle School', None, u'Mathematics', u'97.9', u'41.6']
[525.0, u'River Road/El Camino del Rio Elementary School', None, u'English Language Arts', u'93.6', u'38.6']
[525.0, u'River Road/El Camino del Rio Elementary School', None, u'Mathematics', u'93.6', u'29.0']
[529.0, u'Spring Creek Elementary School', None, u'English Language Arts', u'99.4', u'45.2']
[529.0, u'Spring Creek Elementary School', None, u'Mathematics', u'99.4', u'30.6']
[536.0, u'North Eugene High School', None, u'English Language Arts', u'94.4', u'83.2']
[536.0, u'North Eugene High School', None, u'Mathematics', u'85.9', u'34.4']
[538.0, u'Sheldon High School', None, u'English Language Arts', u'91.3', u'89.0']
[538.0, u'Sheldon High School', None, u'Mathematics', u'73.8', u'55.1']
[539.0, u'South Eugene High School', None, u'English Language Arts', u'56.6', u'91.9']
[539.0, u'South Eugene High School', None, u'Mathematics', u'42.2', u'70.2']
[540.0, u'Churchill High School', None, u'English Language Arts', u'78.0', u'82.2']
[540.0, u'Churchill High School', None, u'Mathematics', u'58.3', u'27.2']
[544.0, u'Centennial Elementary School', None, u'English Language Arts', u'98.1', u'46.9']
[544.0, u'Centennial Elementary School', None, u'Mathematics', u'98.1', u'40.8']
[549.0, u'Hamlin Middle School', u'Summer School', u'English Language Arts', u'97.9', u'39.2']
[549.0, u'Hamlin Middle School', u'Summer School', u'Mathematics', u'98.6', u'24.0']
[550.0, u'Maple Elementary School', None, u'English Language Arts', u'100', u'41.7']
[550.0, u'Maple Elementary School', None, u'Mathematics', u'100', u'35.4']
[573.0, u'Bohemia Elementary School', u'United Way Reading Spot', u'English Language Arts', u'96.4', u'39.4']
[573.0, u'Bohemia Elementary School', u'United Way Reading Spot', u'Mathematics', u'96.4', u'47.5']
[576.0, u'Harrison Elementary School', None, u'English Language Arts', u'99.5', u'51.2']
[576.0, u'Harrison Elementary School', None, u'Mathematics', u'99.5', u'46.4']
[580.0, u'Cottage Grove High School', u'Summer School, open to the public', u'English Language Arts', u'96.1', u'74.5']
[580.0, u'Cottage Grove High School', u'Summer School, open to the public', u'Mathematics', u'97.1', u'35.4']
[581.0, u'Cascade Middle School', u'Produce Plus - Bethel Free Farmers Market.  Picnic setting and activities for kids  OSU Extension Program Iron Chef Culinary Program for Youth', u'English Language Arts', u'97.6', u'47.2']
[581.0, u'Cascade Middle School', u'Produce Plus - Bethel Free Farmers Market.  Picnic setting and activities for kids  OSU Extension Program Iron Chef Culinary Program for Youth', u'Mathematics', u'97.6', u'29.8']
[584.0, u'Fairfield Elementary School', u'Pre Kindergarten preparedness class meets twice weekly', u'English Language Arts', u'98.7', u'45.5']
[584.0, u'Fairfield Elementary School', u'Pre Kindergarten preparedness class meets twice weekly', u'Mathematics', u'99.4', u'38.2']
[588.0, u'Willamette High School', u'Students participating in preseason team training and band camp', u'English Language Arts', u'97.8', u'64.4']
[588.0, u'Willamette High School', u'Students participating in preseason team training and band camp', u'Mathematics', u'97.2', u'31.8']
[595.0, u'Laurel Elementary School', None, u'English Language Arts', u'100', u'39.1']
[595.0, u'Laurel Elementary School', None, u'Mathematics', u'100', u'42.2']
[598.0, u'Lundy Elementary School', None, u'English Language Arts', u'98.4', u'32.3']
[598.0, u'Lundy Elementary School', None, u'Mathematics', u'98.4', u'29.0']
[599.0, u'Lowell Junior/Senior High School', None, u'English Language Arts', u'100', u'49.2']
[599.0, u'Lowell Junior/Senior High School', None, u'Mathematics', u'100', u'31.7']
[603.0, u'Marcola Elementary School', u'Library open, arts & crafts', u'English Language Arts', u'97.4', u'35.5']
[603.0, u'Marcola Elementary School', u'Library open, arts & crafts', u'Mathematics', u'97.4', u'28.9']
[609.0, u'Siuslaw Elementary School', u'Boys & Girls Club, possible summer school', u'English Language Arts', u'98.8', u'43.4']
[609.0, u'Siuslaw Elementary School', u'Boys & Girls Club, possible summer school', u'Mathematics', u'99.1', u'38.2']
[620.0, u'Taft Elementary School', u'Recreational activities includes arts and crafts as well as physical activities such as basketball. Some educational reading time & Science. ', u'English Language Arts', u'98.5', u'33.1']
[620.0, u'Taft Elementary School', u'Recreational activities includes arts and crafts as well as physical activities such as basketball. Some educational reading time & Science. ', u'Mathematics', u'97.4', u'31.2']
[625.0, u'Newport Intermediate School', u'Recreational activities includes arts and crafts as well as physical activities such as basketball. Some educational reading time.', u'English Language Arts', u'97.6', u'50.0']
[625.0, u'Newport Intermediate School', u'Recreational activities includes arts and crafts as well as physical activities such as basketball. Some educational reading time.', u'Mathematics', u'98.2', u'43.0']
[631.0, u'Central Elementary School', None, u'English Language Arts', u'94.5', u'50.7']
[631.0, u'Central Elementary School', None, u'Mathematics', u'100', u'42.5']
[632.0, u'Calapooia Middle School', None, u'English Language Arts', u'98.5', u'45.4']
[632.0, u'Calapooia Middle School', None, u'Mathematics', u'97.8', u'22.5']
[640.0, u'Lafayette Elementary School', None, u'English Language Arts', u'98.2', u'42.8']
[640.0, u'Lafayette Elementary School', None, u'Mathematics', u'98.2', u'37.7']
[642.0, u'Memorial Middle School', None, u'English Language Arts', u'98.7', u'54.6']
[642.0, u'Memorial Middle School', None, u'Mathematics', u'98.5', u'41.9']
[644.0, u'Sunrise Elementary School', None, u'English Language Arts', u'99.4', u'39.8']
[644.0, u'Sunrise Elementary School', None, u'Mathematics', u'98.8', u'36.5']
[647.0, u'Takena Elementary School', None, u'English Language Arts', u'98.9', u'54.3']
[647.0, u'Takena Elementary School', None, u'Mathematics', u'98.9', u'44.0']
[648.0, u'Waverly Elementary School', None, u'English Language Arts', u'100', u'33.3']
[648.0, u'Waverly Elementary School', None, u'Mathematics', u'97.8', u'34.1']
[650.0, u'South Albany High School', None, u'English Language Arts', u'99.0', u'50.2']
[650.0, u'South Albany High School', None, u'Mathematics', u'99.4', u'19.8']
[652.0, u'Cascades School', u'Summer school. This will run Monday, Tuesday and Wednesday.', u'English Language Arts', u'98.9', u'45.3']
[652.0, u'Cascades School', u'Summer school. This will run Monday, Tuesday and Wednesday.', u'Mathematics', u'98.4', u'38.9']
[653.0, u'Green Acres School', None, u'English Language Arts', u'99.3', u'32.3']
[653.0, u'Green Acres School', None, u'Mathematics', u'99.3', u'26.3']
[656.0, u'Mari-Linn Elementary School', None, u'English Language Arts', u'95.3', u'52.0']
[656.0, u'Mari-Linn Elementary School', None, u'Mathematics', u'97.7', u'45.2']
[659.0, u'Harrisburg Elementary School', u'Summer School will run concurrently with the summer food program.', u'English Language Arts', u'95.5', u'36.9']
[659.0, u'Harrisburg Elementary School', u'Summer School will run concurrently with the summer food program.', u'Mathematics', u'94.3', u'32.5']
[663.0, u'Hawthorne Elementary School', None, u'English Language Arts', u'99.4', u'24.1']
[663.0, u'Hawthorne Elementary School', None, u'Mathematics', u'99.4', u'20.0']
[666.0, u'Oak Heights Elementary School', None, u'English Language Arts', u'99.3', u'41.9']
[666.0, u'Oak Heights Elementary School', None, u'Mathematics', u'99.3', u'25.0']
[669.0, u'Sweet Home High School', None, u'English Language Arts', u'93.8', u'62.4']
[669.0, u'Sweet Home High School', None, u'Mathematics', u'95.9', u'18.4']
[676.0, u'Centennial Elementary School', u'Every Wednesday there is a reading program and then the kids will have lunch afterwards.', u'English Language Arts', u'99.3', u'45.8']
[676.0, u'Centennial Elementary School', u'Every Wednesday there is a reading program and then the kids will have lunch afterwards.', u'Mathematics', u'98.6', u'41.3']
[683.0, u'Santiam Junior/Senior High School', u"Summer Credit Recovery may be offered. One week of service will be Missoula Children's Theatre and one week will be VBS (Vacation Bible School).  We will also have 1st Books giveaways.", u'English Language Arts', u'96.0', u'37.2']
[683.0, u'Santiam Junior/Senior High School', u"Summer Credit Recovery may be offered. One week of service will be Missoula Children's Theatre and one week will be VBS (Vacation Bible School).  We will also have 1st Books giveaways.", u'Mathematics', u'97.6', u'19.5']
[688.0, u'Lebanon High School', u'Summer School(runs Monday thru Thurs June 15 to July 9) and Drama Camp(Monday thru Friday June 15 to June 26)', u'English Language Arts', u'83.5', u'56.5']
[688.0, u'Lebanon High School', u'Summer School(runs Monday thru Thurs June 15 to July 9) and Drama Camp(Monday thru Friday June 15 to June 26)', u'Mathematics', u'82.5', u'27.3']
[692.0, u'Alameda Elementary School', u'Migrant Summer School kindergarten to fifth grade', u'English Language Arts', u'99.6', u'40.5']
[692.0, u'Alameda Elementary School', u'Migrant Summer School kindergarten to fifth grade', u'Mathematics', u'98.7', u'28.6']
[694.0, u'Aiken Elementary School', u'Migrant / Title 1 Pre-K Summer enrichment program', u'English Language Arts', u'100', u'32.5']
[694.0, u'Aiken Elementary School', u'Migrant / Title 1 Pre-K Summer enrichment program', u'Mathematics', u'100', u'35.8']
[696.0, u'May Roberts Elementary School', u'Migrant Summer School', u'English Language Arts', u'100', u'33.2']
[696.0, u'May Roberts Elementary School', u'Migrant Summer School', u'Mathematics', u'100', u'32.7']
[698.0, u'Ontario Middle School', u'Summer School for Migrants will be happening from 7:30-2:45p.m.', u'English Language Arts', u'99.7', u'42.2']
[698.0, u'Ontario Middle School', u'Summer School for Migrants will be happening from 7:30-2:45p.m.', u'Mathematics', u'98.8', u'27.8']
[699.0, u'Ontario High School', u'Summer School ', u'English Language Arts', u'98.7', u'45.0']
[699.0, u'Ontario High School', u'Summer School ', u'Mathematics', u'98.1', u'13.9']
[702.0, u'Nyssa Elementary School', None, u'English Language Arts', u'100', u'39.5']
[702.0, u'Nyssa Elementary School', None, u'Mathematics', u'100', u'34.4']
[703.0, u'Nyssa Middle School', u'Summer school classes for students.', u'English Language Arts', u'100', u'40.7']
[703.0, u'Nyssa Middle School', u'Summer school classes for students.', u'Mathematics', u'100', u'23.6']
[715.0, u'Mark Twain Middle School', u'Public School', u'English Language Arts', u'99.3', u'56.9']
[715.0, u'Mark Twain Middle School', u'Public School', u'Mathematics', u'98.6', u'34.3']
[716.0, u'Robert Frost Elementary School', u'Public School', u'English Language Arts', u'99.7', u'59.6']
[716.0, u'Robert Frost Elementary School', u'Public School', u'Mathematics', u'100', u'42.7']
[719.0, u'Aumsville Elementary School', u'In the Month of July is Migrant Ed program and open to the public. Also this site will sponsor an August Academe 2 weeks session. ', u'English Language Arts', u'98.7', u'53.4']
[719.0, u'Aumsville Elementary School', u'In the Month of July is Migrant Ed program and open to the public. Also this site will sponsor an August Academe 2 weeks session. ', u'Mathematics', u'98.7', u'39.2']
[721.0, u'Jefferson Elementary School', None, u'English Language Arts', u'98.4', u'36.3']
[721.0, u'Jefferson Elementary School', None, u'Mathematics', u'97.8', u'27.6']
[728.0, u'Auburn Elementary School', u'They will have Open Library on Tuesday and Thursday; Focus Summer School Program est.150- 180 students', u'English Language Arts', u'99.0', u'27.7']
[728.0, u'Auburn Elementary School', u'They will have Open Library on Tuesday and Thursday; Focus Summer School Program est.150- 180 students', u'Mathematics', u'98.6', u'22.8']
[732.0, u'Bush Elementary School', u'This site will combine Bush & Richmond: Indian Education (80-100 kids)/ Capital Park Church (30-40 kids)/ They have activities and come to Bush or Richmond when it was a site. They also have field trips that we provide lunches. 20 from Community.', u'English Language Arts', u'99.3', u'23.1']
[732.0, u'Bush Elementary School', u'This site will combine Bush & Richmond: Indian Education (80-100 kids)/ Capital Park Church (30-40 kids)/ They have activities and come to Bush or Richmond when it was a site. They also have field trips that we provide lunches. 20 from Community.', u'Mathematics', u'99.3', u'18.0']
[738.0, u'Four Corners Elementary School', u"Open Library on Tuesday's and Thursday's. Open Computer Tu/ Th Lab aprox. 150 kids; Community 45.", u'English Language Arts', u'99.6', u'27.0']
[738.0, u'Four Corners Elementary School', u"Open Library on Tuesday's and Thursday's. Open Computer Tu/ Th Lab aprox. 150 kids; Community 45.", u'Mathematics', u'99.6', u'16.4']
[743.0, u'Highland Elementary School', None, u'English Language Arts', u'99.4', u'26.7']
[743.0, u'Highland Elementary School', None, u'Mathematics', u'99.4', u'21.7']
[744.0, u'Hoover Elementary School', u'Elementary Migrant Summer School enrollment 400-450. Plus 50 Community.', u'English Language Arts', u'99.6', u'29.2']
[744.0, u'Hoover Elementary School', u'Elementary Migrant Summer School enrollment 400-450. Plus 50 Community.', u'Mathematics', u'99.2', u'21.7']
[746.0, u'Kennedy Elementary School', None, u'English Language Arts', u'99.5', u'31.9']
[746.0, u'Kennedy Elementary School', None, u'Mathematics', u'99.5', u'25.6']
[750.0, u'McKinley Elementary School', u'Salem Keizer Education Foundation Enrichment classes offered to enrolled students', u'English Language Arts', u'98.8', u'66.9']
[750.0, u'McKinley Elementary School', u'Salem Keizer Education Foundation Enrichment classes offered to enrolled students', u'Mathematics', u'98.8', u'54.7']
[762.0, u'Swegle Elementary School', u'programming in three core areas-academic success, character & leadership and healthy lifestyles including physical ed, sports', u'English Language Arts', u'97.9', u'26.0']
[762.0, u'Swegle Elementary School', u'programming in three core areas-academic success, character & leadership and healthy lifestyles including physical ed, sports', u'Mathematics', u'95.9', u'19.2']
[764.0, u'Yoshikai Elementary School', None, u'English Language Arts', u'99.6', u'49.2']
[764.0, u'Yoshikai Elementary School', None, u'Mathematics', u'99.6', u'55.2']
[765.0, u'Judson Middle School', None, u'English Language Arts', u'97.8', u'69.9']
[765.0, u'Judson Middle School', None, u'Mathematics', u'97.2', u'52.3']
[768.0, u'Waldo Middle School', u'Summer Academy offered for enrolled students', u'English Language Arts', u'98.1', u'33.4']
[768.0, u'Waldo Middle School', u'Summer Academy offered for enrolled students', u'Mathematics', u'98.6', u'21.7']
[770.0, u'Whiteaker Middle School', u'Fire&Police Department is having a lot of activities expecting up to 250 kids.', u'English Language Arts', u'99.6', u'67.4']
[770.0, u'Whiteaker Middle School', u'Fire&Police Department is having a lot of activities expecting up to 250 kids.', u'Mathematics', u'99.1', u'54.0']
[771.0, u'McKay High School', u'Summer School Programs for enrolled students', u'English Language Arts', u'95.7', u'67.7']
[771.0, u'McKay High School', u'Summer School Programs for enrolled students', u'Mathematics', u'91.9', u'15.3']
[772.0, u'McNary High School', u'Transition School/ Summer School.', u'English Language Arts', u'98.3', u'76.3']
[772.0, u'McNary High School', u'Transition School/ Summer School.', u'Mathematics', u'94.9', u'33.3']
[773.0, u'North Salem High School', u'Migrant 9-12/ Transition Middle and High Summer School.', u'English Language Arts', u'94.3', u'56.1']
[773.0, u'North Salem High School', u'Migrant 9-12/ Transition Middle and High Summer School.', u'Mathematics', u'94.3', u'24.4']
[776.0, u'Gervais Elementary School', u'Summer School with our own teaching staff', u'English Language Arts', u'98.7', u'35.9']
[776.0, u'Gervais Elementary School', u'Summer School with our own teaching staff', u'Mathematics', u'98.2', u'30.0']
[785.0, u'Scotts Mills Elementary School', u'Public School', u'English Language Arts', u'95.5', u'66.7']
[785.0, u'Scotts Mills Elementary School', u'Public School', u'Mathematics', u'94.3', u'43.4']
[790.0, u'Turner Elementary School', u'A summer school enrichment program focusing on reading and math activities.', u'English Language Arts', u'98.4', u'50.8']
[790.0, u'Turner Elementary School', u'A summer school enrichment program focusing on reading and math activities.', u'Mathematics', u'98.4', u'41.9']
[793.0, u'St Marys Public School', None, u'English Language Arts', u'100', u'42.2']
[793.0, u'St Marys Public School', None, u'Mathematics', u'100', u'33.7']
[796.0, u'Nellie Muir Elementary School', u'Summer School for migrant elementary students with Math & Reading from June 22 to July 17.', u'English Language Arts', u'100', u'15.9']
[796.0, u'Nellie Muir Elementary School', u'Summer School for migrant elementary students with Math & Reading from June 22 to July 17.', u'Mathematics', u'99.6', u'12.3']
[797.0, u'Washington Elementary School', u'Jump Start Program for incoming Kinder students.', u'English Language Arts', u'100', u'18.6']
[797.0, u'Washington Elementary School', u'Jump Start Program for incoming Kinder students.', u'Mathematics', u'100', u'18.6']
[810.0, u'Cascade Junior High School', u'Reading, math, science and PE', u'English Language Arts', u'99.4', u'49.0']
[810.0, u'Cascade Junior High School', u'Reading, math, science and PE', u'Mathematics', u'98.8', u'32.9']
[814.0, u'Sam Boardman Elementary School', u'Summer school/reading, writing and math instruction on a daily basis in a classroom setting.', u'English Language Arts', u'100', u'33.3']
[814.0, u'Sam Boardman Elementary School', u'Summer school/reading, writing and math instruction on a daily basis in a classroom setting.', u'Mathematics', u'100', u'28.0']
[817.0, u'Irrigon Junior/Senior High School', u'Credit Recovery; Classroom Instruction', u'English Language Arts', u'97.3', u'50.8']
[817.0, u'Irrigon Junior/Senior High School', u'Credit Recovery; Classroom Instruction', u'Mathematics', u'92.3', u'21.4']
[820.0, u'Riverside Junior/Senior High School', u'Credit recovery; Math, Language Arts & Social Studies instruction; Home Ec; Robotics; Fitness; Arts & Crafts', u'English Language Arts', u'98.3', u'43.5']
[820.0, u'Riverside Junior/Senior High School', u'Credit recovery; Math, Language Arts & Social Studies instruction; Home Ec; Robotics; Fitness; Arts & Crafts', u'Mathematics', u'98.9', u'17.0']
[826.0, u'Arleta Elementary School', u'Enrichment activities such as reading, games, sports, and arts & crafts. ', u'English Language Arts', u'75.1', u'45.3']
[826.0, u'Arleta Elementary School', u'Enrichment activities such as reading, games, sports, and arts & crafts. ', u'Mathematics', u'74.7', u'35.5']
[830.0, u'Beach Elementary School', u'Enrichment actives such as sports, games, literacy, and arts and crafts.', u'English Language Arts', u'91.6', u'50.6']
[830.0, u'Beach Elementary School', u'Enrichment actives such as sports, games, literacy, and arts and crafts.', u'Mathematics', u'91.3', u'41.5']
[831.0, u'Beaumont Middle School', u'Enrichments activities such as sports, games, literacy, arts, and crafts. ', u'English Language Arts', u'88.8', u'61.8']
[831.0, u'Beaumont Middle School', u'Enrichments activities such as sports, games, literacy, arts, and crafts. ', u'Mathematics', u'91.5', u'55.5']
[833.0, u'Boise-Eliot Elementary School', u'Enrichment activities such as reading, writing, games, sports, and arts & crafts. ', u'English Language Arts', u'98.0', u'31.3']
[833.0, u'Boise-Eliot Elementary School', u'Enrichment activities such as reading, writing, games, sports, and arts & crafts. ', u'Mathematics', u'96.6', u'25.3']
[834.0, u'Bridger Elementary School', u'reading, art and physical recreation activities', u'English Language Arts', u'97.3', u'48.4']
[834.0, u'Bridger Elementary School', u'reading, art and physical recreation activities', u'Mathematics', u'97.3', u'32.6']
[841.0, u'Cesar Chavez K-8 School', u'Reading, art and physical recreation activities', u'English Language Arts', u'98.9', u'24.1']
[841.0, u'Cesar Chavez K-8 School', u'Reading, art and physical recreation activities', u'Mathematics', u'98.5', u'21.1']
[843.0, u'Creston Elementary School', u'Enrichment activities such as reading, writing, sports, games, arts, and crafts.', u'English Language Arts', u'92.1', u'54.6']
[843.0, u'Creston Elementary School', u'Enrichment activities such as reading, writing, sports, games, arts, and crafts.', u'Mathematics', u'93.1', u'39.0']
[849.0, u'George Middle School', u'Reading, art and physical activities', u'English Language Arts', u'92.8', u'17.6']
[849.0, u'George Middle School', u'Reading, art and physical activities', u'Mathematics', u'93.4', u'11.7']
[862.0, u'James John Elementary School', u'Enrichment activities such as reading, writing, playing games, sports, art and crafts. ', u'English Language Arts', u'95.5', u'29.4']
[862.0, u'James John Elementary School', u'Enrichment activities such as reading, writing, playing games, sports, art and crafts. ', u'Mathematics', u'97.8', u'23.6']
[866.0, u'King Elementary School', u'reading, art and physical recreation activities', u'English Language Arts', u'95.0', u'17.4']
[866.0, u'King Elementary School', u'reading, art and physical recreation activities', u'Mathematics', u'97.2', u'10.8']
[869.0, u'Lee Elementary School', u'Reading, art and physical recreation activities.', u'English Language Arts', u'97.3', u'43.6']
[869.0, u'Lee Elementary School', u'Reading, art and physical recreation activities.', u'Mathematics', u'97.3', u'32.4']
[870.0, u'Lent Elementary School', u'reading, writing, art, physical recreation activities', u'English Language Arts', u'97.3', u'24.0']
[870.0, u'Lent Elementary School', u'reading, writing, art, physical recreation activities', u'Mathematics', u'97.0', u'17.8']
[875.0, u'Marysville Elementary School', u'art, reading and physical recreation', u'English Language Arts', u'94.1', u'48.5']
[875.0, u'Marysville Elementary School', u'art, reading and physical recreation', u'Mathematics', u'94.1', u'30.9']
[878.0, u'Chief Joseph/Ockley Green School', u'Arts, crafts, music, math, reading,science and physical recreation activities are offered.', u'English Language Arts', u'78.8', u'49.5']
[878.0, u'Chief Joseph/Ockley Green School', u'Arts, crafts, music, math, reading,science and physical recreation activities are offered.', u'Mathematics', u'77.2', u'35.5']
[884.0, u'Rigler Elementary School', u'Reading, writing, art and physical recreation activities', u'English Language Arts', u'98.2', u'32.0']
[884.0, u'Rigler Elementary School', u'Reading, writing, art and physical recreation activities', u'Mathematics', u'97.7', u'18.8']
[887.0, u'Scott Elementary School', u'reading, art, crafts, physical recreation activities', u'English Language Arts', u'94.6', u'26.1']
[887.0, u'Scott Elementary School', u'reading, art, crafts, physical recreation activities', u'Mathematics', u'82.7', u'12.6']
[889.0, u'Sitton Elementary School', u'Reading, art, crafts and physical recreation activities', u'English Language Arts', u'98.9', u'27.5']
[889.0, u'Sitton Elementary School', u'Reading, art, crafts and physical recreation activities', u'Mathematics', u'98.9', u'21.0']
[895.0, u'Vernon Elementary School', u'gardening, reading, art, crafts and physical recreation activities', u'English Language Arts', u'79.7', u'39.1']
[895.0, u'Vernon Elementary School', u'gardening, reading, art, crafts and physical recreation activities', u'Mathematics', u'80.7', u'36.8']
[896.0, u'Vestal Elementary School', u'Enrichment activities such as reading, writing, sports, games, gardening, arts, and crafts. ', u'English Language Arts', u'96.7', u'43.5']
[896.0, u'Vestal Elementary School', u'Enrichment activities such as reading, writing, sports, games, gardening, arts, and crafts. ', u'Mathematics', u'95.9', u'38.3']
[900.0, u'Whitman Elementary School', u'reading, art, crafts, garden and physical recreation activities', u'English Language Arts', u'100', u'37.7']
[900.0, u'Whitman Elementary School', u'reading, art, crafts, garden and physical recreation activities', u'Mathematics', u'100', u'22.2']
[902.0, u'Woodlawn Elementary School', u'Reading, writing, games, sports, arts and crafts. ', u'English Language Arts', u'97.3', u'26.1']
[902.0, u'Woodlawn Elementary School', u'Reading, writing, games, sports, arts and crafts. ', u'Mathematics', u'97.3', u'20.9']
[903.0, u'Woodmere Elementary School', u'Reading, art, crafts and physical recreation activities', u'English Language Arts', u'98.2', u'42.2']
[903.0, u'Woodmere Elementary School', u'Reading, art, crafts and physical recreation activities', u'Mathematics', u'99.4', u'33.3']
[906.0, u'Benson Polytechnic High School', u'transition to high school, how to study, organizational skills', u'English Language Arts', u'54.5', u'57.8']
[906.0, u'Benson Polytechnic High School', u'transition to high school, how to study, organizational skills', u'Mathematics', u'38.5', u'27.8']
[913.0, u'Jefferson High School', u'tutoring, reading, art and physical recreation.', u'English Language Arts', u'92.2', u'52.8']
[913.0, u'Jefferson High School', u'tutoring, reading, art and physical recreation.', u'Mathematics', u'86.1', u'10.1']
[915.0, u'Madison High School', u'tutoring, reading, art and physical recreation', u'English Language Arts', u'70.0', u'47.3']
[915.0, u'Madison High School', u'tutoring, reading, art and physical recreation', u'Mathematics', u'69.6', u'25.3']
[918.0, u'Roosevelt High School', u'Reading, math, science, technology, art, crafts and physical activities.', u'English Language Arts', u'82.2', u'23.7']
[918.0, u'Roosevelt High School', u'Reading, math, science, technology, art, crafts and physical activities.', u'Mathematics', u'83.2', u'10.8']
[925.0, u'Prescott Elementary School', u'Sun program and kindergarten readiness.', u'English Language Arts', u'97.4', u'37.2']
[925.0, u'Prescott Elementary School', u'Sun program and kindergarten readiness.', u'Mathematics', u'96.9', u'31.6']
[926.0, u'Russell Elementary', u'Boys and girls club and kindergarten readiness', u'English Language Arts', u'99.6', u'48.9']
[926.0, u'Russell Elementary', u'Boys and girls club and kindergarten readiness', u'Mathematics', u'99.6', u'41.8']
[928.0, u'Shaver Elementary School', u'Boys and girls club and kindergarten readiness.', u'English Language Arts', u'98.7', u'30.3']
[928.0, u'Shaver Elementary School', u'Boys and girls club and kindergarten readiness.', u'Mathematics', u'99.4', u'26.8']
[931.0, u'Parkrose High School', u'Sun School/Activities, summer school, athletic camps', u'English Language Arts', u'96.1', u'52.1']
[931.0, u'Parkrose High School', u'Sun School/Activities, summer school, athletic camps', u'Mathematics', u'94.6', u'14.6']
[932.0, u'Dexter McCarty Middle School', None, u'English Language Arts', u'97.7', u'50.5']
[932.0, u'Dexter McCarty Middle School', None, u'Mathematics', u'97.9', u'28.8']
[933.0, u'East Gresham Elementary School', u'SUN program', u'English Language Arts', u'97.8', u'28.2']
[933.0, u'East Gresham Elementary School', u'SUN program', u'Mathematics', u'97.8', u'18.9']
[935.0, u'Highland Elementary School', u'Metropolitian Family Services Cafe Project', u'English Language Arts', u'99.2', u'26.4']
[935.0, u'Highland Elementary School', u'Metropolitian Family Services Cafe Project', u'Mathematics', u'99.2', u'24.8']
[943.0, u'Alder Elementary School', u'Metropolitan Family Services (SUN) will be running a program from 7/13-8/6 (registration required) with reading readiness, and activities. Early Kindergarten Transition will be participating (EKT)as well.  Lunch only from 6/22 -7/10. ', u'English Language Arts', u'96.7', u'15.5']
[943.0, u'Alder Elementary School', u'Metropolitan Family Services (SUN) will be running a program from 7/13-8/6 (registration required) with reading readiness, and activities. Early Kindergarten Transition will be participating (EKT)as well.  Lunch only from 6/22 -7/10. ', u'Mathematics', u'95.1', u'13.4']
[946.0, u'Glenfair Elementary School', u'Metropolitan Family Services (SUN) will be running a program from 7/13-8/6 (registration required) with reading readiness, and activities. Early Kindergarten Transition will be participating (EKT)as well.  Lunch only from 6/22 -7/10.', u'English Language Arts', u'98.2', u'17.8']
[946.0, u'Glenfair Elementary School', u'Metropolitan Family Services (SUN) will be running a program from 7/13-8/6 (registration required) with reading readiness, and activities. Early Kindergarten Transition will be participating (EKT)as well.  Lunch only from 6/22 -7/10.', u'Mathematics', u'97.2', u'12.2']
[947.0, u'Hartley Elementary School', u'Metropolitan Family Services (SUN) will be running a program from 7/13-8/6 (registration required) with reading readiness, and activities. Early Kindergarten Transition will be participating (EKT)as well.  Lunch only from 6/22 -7/10.', u'English Language Arts', u'99.6', u'26.6']
[947.0, u'Hartley Elementary School', u'Metropolitan Family Services (SUN) will be running a program from 7/13-8/6 (registration required) with reading readiness, and activities. Early Kindergarten Transition will be participating (EKT)as well.  Lunch only from 6/22 -7/10.', u'Mathematics', u'99.6', u'17.5']
[948.0, u'Margaret Scott Elementary School', u'Boys & Girls Club runs activities during meal time, as well as   Early Kindergarten Connect through RSD', u'English Language Arts', u'99.1', u'33.2']
[948.0, u'Margaret Scott Elementary School', u'Boys & Girls Club runs activities during meal time, as well as   Early Kindergarten Connect through RSD', u'Mathematics', u'98.2', u'29.5']
[949.0, u'Davis Elementary School', u'Metropolitan Family Services (SUN) will be running a program from 7/13-8/6 (registration required) with reading readiness, and activities. Early Kindergarten Transition will be participating (EKT)as well.  Lunch only from 6/22 -7/10.', u'English Language Arts', u'98.2', u'11.7']
[949.0, u'Davis Elementary School', u'Metropolitan Family Services (SUN) will be running a program from 7/13-8/6 (registration required) with reading readiness, and activities. Early Kindergarten Transition will be participating (EKT)as well.  Lunch only from 6/22 -7/10.', u'Mathematics', u'98.2', u'7.3']
[952.0, u'Wilkes Elementary School', u'Metropolitan Family Services (SUN) will be running a program from 7/13-8/6 (registration required) with reading readiness, and activities. Early Kindergarten Transition will be participating (EKT)as well.  Lunch only from 6/22 -7/10.', u'English Language Arts', u'99.5', u'24.8']
[952.0, u'Wilkes Elementary School', u'Metropolitan Family Services (SUN) will be running a program from 7/13-8/6 (registration required) with reading readiness, and activities. Early Kindergarten Transition will be participating (EKT)as well.  Lunch only from 6/22 -7/10.', u'Mathematics', u'99.5', u'16.4']
[954.0, u'Hauton B Lee Middle School', u'SUN - Metropolitan Family Services  ', u'English Language Arts', u'98.7', u'32.4']
[954.0, u'Hauton B Lee Middle School', u'SUN - Metropolitan Family Services  ', u'Mathematics', u'98.6', u'24.9']
[957.0, u'Reynolds High School', u'21st Century Grant Academics and Activities including  9th Grade counts; Early English Language Learners and   Each group does Friday field trips.  Space Limited and security issues make closed campus a must.', u'English Language Arts', u'97.6', u'48.8']
[957.0, u'Reynolds High School', u'21st Century Grant Academics and Activities including  9th Grade counts; Early English Language Learners and   Each group does Friday field trips.  Space Limited and security issues make closed campus a must.', u'Mathematics', u'96.2', u'16.4']
[959.0, u'Lynch Meadows Elementary School', u'Arts and Sports', u'English Language Arts', u'100', u'30.9']
[959.0, u'Lynch Meadows Elementary School', u'Arts and Sports', u'Mathematics', u'99.3', u'20.5']
[960.0, u'Centennial Middle School', u'sports and academic', u'English Language Arts', u'97.8', u'50.9']
[960.0, u'Centennial Middle School', u'sports and academic', u'Mathematics', u'97.2', u'44.2']
[963.0, u'Parklane Elementary School', u'  El Programo Hispano SUN program', u'English Language Arts', u'98.5', u'28.5']
[963.0, u'Parklane Elementary School', u'  El Programo Hispano SUN program', u'Mathematics', u'98.1', u'20.6']
[963.0, u'Parklane Elementary School', u'Arts and Crafts, Science, Sports and Academic', u'English Language Arts', u'98.5', u'28.5']
[963.0, u'Parklane Elementary School', u'Arts and Crafts, Science, Sports and Academic', u'Mathematics', u'98.1', u'20.6']
[964.0, u'Lynch View Elementary School', u'academic', u'English Language Arts', u'99.2', u'37.5']
[964.0, u'Lynch View Elementary School', u'academic', u'Mathematics', u'98.8', u'32.4']
[965.0, u'Lynch Wood Elementary School', u'academic', u'English Language Arts', u'97.7', u'25.5']
[965.0, u'Lynch Wood Elementary School', u'academic', u'Mathematics', u'98.0', u'17.0']
[967.0, u'Centennial High School', u'Sports Camp ', u'English Language Arts', u'98.0', u'77.3']
[967.0, u'Centennial High School', u'Sports Camp ', u'Mathematics', u'98.0', u'33.0']
[973.0, u'Gilbert Heights Elementary School', u'Sun Program', u'English Language Arts', u'100', u'36.3']
[973.0, u'Gilbert Heights Elementary School', u'Sun Program', u'Mathematics', u'99.6', u'25.4']
[974.0, u'Gilbert Park Elementary School', u'Sun Program', u'English Language Arts', u'99.4', u'43.9']
[974.0, u'Gilbert Park Elementary School', u'Sun Program', u'Mathematics', u'98.7', u'39.4']
[975.0, u'Lincoln Park Elementary School', u'Sun Program', u'English Language Arts', u'98.0', u'46.5']
[975.0, u'Lincoln Park Elementary School', u'Sun Program', u'Mathematics', u'98.0', u'38.5']
[978.0, u'Ventura Park Elementary School', u'Portland Parks, Arts, Crafts and Games', u'English Language Arts', u'98.3', u'46.6']
[978.0, u'Ventura Park Elementary School', u'Portland Parks, Arts, Crafts and Games', u'Mathematics', u'98.8', u'29.7']
[978.0, u'Ventura Park Elementary School', u'Jump Start program for Kinders & Sun School', u'English Language Arts', u'98.3', u'46.6']
[978.0, u'Ventura Park Elementary School', u'Jump Start program for Kinders & Sun School', u'Mathematics', u'98.8', u'29.7']
[979.0, u'West Powellhurst Elementary School', u'Sun Program', u'English Language Arts', u'99.5', u'44.0']
[979.0, u'West Powellhurst Elementary School', u'Sun Program', u'Mathematics', u'99.0', u'38.5']
[980.0, u'Alice Ott Middle School', u'Sun Program', u'English Language Arts', u'99.9', u'65.4']
[980.0, u'Alice Ott Middle School', u'Sun Program', u'Mathematics', u'99.9', u'53.5']
[983.0, u'David Douglas High School', u'Summer programs including Sun School and math, since clubs', u'English Language Arts', u'94.3', u'57.5']
[983.0, u'David Douglas High School', u'Summer programs including Sun School and math, since clubs', u'Mathematics', u'93.5', u'24.3']
[986.0, u'Gresham High School', u'Sun program', u'English Language Arts', u'99.0', u'80.6']
[986.0, u'Gresham High School', u'Sun program', u'Mathematics', u'98.7', u'33.4']
[989.0, u'Lyle Elementary School', None, u'English Language Arts', u'100', u'35.3']
[989.0, u'Lyle Elementary School', None, u'Mathematics', u'100', u'47.9']
[993.0, u'Whitworth Elementary School', None, u'English Language Arts', u'99.5', u'49.7']
[993.0, u'Whitworth Elementary School', None, u'Mathematics', u'99.7', u'41.5']
[994.0, u'LaCreole Middle School', None, u'English Language Arts', u'99.0', u'51.5']
[994.0, u'LaCreole Middle School', None, u'Mathematics', u'99.4', u'44.8']
[998.0, u'Independence Elementary School', None, u'English Language Arts', u'99.1', u'16.7']
[998.0, u'Independence Elementary School', None, u'Mathematics', u'99.1', u'17.6']
[999.0, u'Monmouth Elementary School', None, u'English Language Arts', u'98.9', u'36.5']
[999.0, u'Monmouth Elementary School', None, u'Mathematics', u'97.0', u'37.5']
[1001.0, u'Talmadge Middle School', None, u'English Language Arts', u'98.0', u'48.1']
[1001.0, u'Talmadge Middle School', None, u'Mathematics', u'98.5', u'33.2']
[1006.0, u'Falls City High School', None, u'English Language Arts', u'94.1', u'68.8']
[1006.0, u'Falls City High School', None, u'Mathematics', u'88.2', u'26.7']
[1016.0, u'Tillamook Junior High School', u'Camp 1: Tending community garden. Summer School: ELL Students', u'English Language Arts', u'98.9', u'43.6']
[1016.0, u'Tillamook Junior High School', u'Camp 1: Tending community garden. Summer School: ELL Students', u'Mathematics', u'99.3', u'35.0']
[1016.0, u'Tillamook Junior High School', u'Summer School, migrant education', u'English Language Arts', u'98.9', u'43.6']
[1016.0, u'Tillamook Junior High School', u'Summer School, migrant education', u'Mathematics', u'99.3', u'35.0']
[1017.0, u'Tillamook High School', u'summer credit recovery program, special ed program, band camp', u'English Language Arts', u'94.5', u'71.2']
[1017.0, u'Tillamook High School', u'summer credit recovery program, special ed program, band camp', u'Mathematics', u'93.8', u'28.5']
[1032.0, u'McNary Heights Elementary School', u'Umatilla School District in Collaboration with Umatilla-Morrow ESD will host a Regular/Migrant Summer School 7/6/15 to  8/14/15. We will be offering breakfast, as well as lunch to support this program. ', u'English Language Arts', u'99.0', u'23.0']
[1032.0, u'McNary Heights Elementary School', u'Umatilla School District in Collaboration with Umatilla-Morrow ESD will host a Regular/Migrant Summer School 7/6/15 to  8/14/15. We will be offering breakfast, as well as lunch to support this program. ', u'Mathematics', u'99.0', u'19.3']
[1033.0, u'Umatilla High School', u'Summer School ', u'English Language Arts', u'94.7', u'60.7']
[1033.0, u'Umatilla High School', u'Summer School ', u'Mathematics', u'91.5', u'10.5']
[1036.0, u'Rocky Heights Elementary School', u'Summer Kids Camp  games, sports, arts and crafts', u'English Language Arts', u'100', u'50.6']
[1036.0, u'Rocky Heights Elementary School', u'Summer Kids Camp  games, sports, arts and crafts', u'Mathematics', u'100', u'51.4']
[1057.0, u'Central Middle School', None, u'English Language Arts', u'99.5', u'32.8']
[1057.0, u'Central Middle School', None, u'Mathematics', u'99.5', u'19.8']
[1059.0, u'Grove Elementary School', None, u'English Language Arts', u'99.3', u'41.5']
[1059.0, u'Grove Elementary School', None, u'Mathematics', u'99.3', u'23.7']
[1082.0, u'Stella Mayfield Elementary School', u'summer school, swimming lessons right across the ball field.....', u'English Language Arts', u'98.2', u'31.7']
[1082.0, u'Stella Mayfield Elementary School', u'summer school, swimming lessons right across the ball field.....', u'Mathematics', u'98.2', u'25.0']
[1098.0, u'Dry Hollow Elementary School', u'OCDC Mig. Ed. only on Fridays & Saturdays = June 19, 20, 26 & 27, then July 3 (last day). Open to the public also. Then in August 3th through 19th, 2015 this site again would be open for pre-kindergarten activities.', u'English Language Arts', u'100', u'42.3']
[1098.0, u'Dry Hollow Elementary School', u'OCDC Mig. Ed. only on Fridays & Saturdays = June 19, 20, 26 & 27, then July 3 (last day). Open to the public also. Then in August 3th through 19th, 2015 this site again would be open for pre-kindergarten activities.', u'Mathematics', u'99.2', u'30.0']
[1100.0, u'The Dalles Middle School', None, u'English Language Arts', u'97.4', u'44.0']
[1100.0, u'The Dalles Middle School', None, u'Mathematics', u'97.0', u'28.2']
[1114.0, u'W Verne McKinney Elementary School', u'The computer lab will be open for online reading and other interactive games.  The school library will also be available for children to check out books.', u'English Language Arts', u'100', u'50.8']
[1114.0, u'W Verne McKinney Elementary School', u'The computer lab will be open for online reading and other interactive games.  The school library will also be available for children to check out books.', u'Mathematics', u'100', u'37.5']
[1133.0, u'Joseph Gale Elementary School', u'Community Based Activity Program and Extended School Year program, recreational activities and educational activities.', u'English Language Arts', u'99.2', u'30.6']
[1133.0, u'Joseph Gale Elementary School', u'Community Based Activity Program and Extended School Year program, recreational activities and educational activities.', u'Mathematics', u'99.2', u'34.7']
[1134.0, u'Forest Grove High School', u'Summer School, Credit Recovery, Open to neighborhood children', u'English Language Arts', u'89.2', u'41.7']
[1134.0, u'Forest Grove High School', u'Summer School, Credit Recovery, Open to neighborhood children', u'Mathematics', u'88.0', u'25.5']
[1135.0, u'Bridgeport Elementary School', u'Art and Craft Tables, visits from the Tualatin City Library', u'English Language Arts', u'100', u'53.5']
[1135.0, u'Bridgeport Elementary School', u'Art and Craft Tables, visits from the Tualatin City Library', u'Mathematics', u'100', u'48.7']
[1139.0, u'James Templeton Elementary School', u'Summer School Program, Arts and Crafts', u'English Language Arts', u'99.6', u'63.3']
[1139.0, u'James Templeton Elementary School', u'Summer School Program, Arts and Crafts', u'Mathematics', u'99.6', u'51.8']
[1140.0, u'Metzger Elementary School', u'Summer School Program, Tigard City Library', u'English Language Arts', u'100', u'43.6']
[1140.0, u'Metzger Elementary School', u'Summer School Program, Tigard City Library', u'Mathematics', u'100', u'42.5']
[1143.0, u'Tualatin Elementary School', u'Summer School activities', u'English Language Arts', u'99.6', u'68.8']
[1143.0, u'Tualatin Elementary School', u'Summer School activities', u'Mathematics', u'98.9', u'58.5']
[1149.0, u'Reedville Elementary School', None, u'English Language Arts', u'100', u'22.6']
[1149.0, u'Reedville Elementary School', None, u'Mathematics', u'100', u'20.9']
[1151.0, u'Witch Hazel Elementary School', u'Hillsboro Park and Rec Jump into Summer Program', u'English Language Arts', u'99.7', u'40.1']
[1151.0, u'Witch Hazel Elementary School', u'Hillsboro Park and Rec Jump into Summer Program', u'Mathematics', u'99.7', u'30.5']
[1153.0, u'Aloha-Huber Park School', u'THPRD Tualatin Hills Park and Rec crafts and sports', u'English Language Arts', u'99.7', u'46.5']
[1153.0, u'Aloha-Huber Park School', u'THPRD Tualatin Hills Park and Rec crafts and sports', u'Mathematics', u'99.7', u'46.7']
[1154.0, u'Barnes Elementary School', u'Tualatin Hills Park and Recreation District, Rec Mobile', u'English Language Arts', u'98.9', u'33.7']
[1154.0, u'Barnes Elementary School', u'Tualatin Hills Park and Recreation District, Rec Mobile', u'Mathematics', u'98.9', u'30.0']
[1155.0, u'Beaver Acres Elementary School', u'Parks and rec activities', u'English Language Arts', u'98.1', u'47.1']
[1155.0, u'Beaver Acres Elementary School', u'Parks and rec activities', u'Mathematics', u'98.9', u'46.2']
[1157.0, u'Greenway Elementary School', None, u'English Language Arts', u'100', u'47.9']
[1157.0, u'Greenway Elementary School', None, u'Mathematics', u'100', u'40.2']
[1159.0, u'Chehalem Elementary School', u'THPRD Recmobile', u'English Language Arts', u'98.8', u'47.5']
[1159.0, u'Chehalem Elementary School', u'THPRD Recmobile', u'Mathematics', u'99.2', u'39.9']
[1162.0, u'Elmonica Elementary School', u'THPRD Recmobile', u'English Language Arts', u'99.3', u'58.5']
[1162.0, u'Elmonica Elementary School', u'THPRD Recmobile', u'Mathematics', u'97.4', u'60.3']
[1163.0, u'Fir Grove Elementary School', None, u'English Language Arts', u'98.5', u'50.2']
[1163.0, u'Fir Grove Elementary School', None, u'Mathematics', u'97.7', u'44.6']
[1164.0, u'Hazeldale Elementary School', u'Parks and Rec District activities', u'English Language Arts', u'100', u'65.7']
[1164.0, u'Hazeldale Elementary School', u'Parks and Rec District activities', u'Mathematics', u'100', u'68.1']
[1166.0, u'Kinnaman Elementary School', u'THPRD Rec Mobile', u'English Language Arts', u'100', u'51.7']
[1166.0, u'Kinnaman Elementary School', u'THPRD Rec Mobile', u'Mathematics', u'99.7', u'44.9']
[1169.0, u'McKinley Elementary School', None, u'English Language Arts', u'99.4', u'45.5']
[1169.0, u'McKinley Elementary School', None, u'Mathematics', u'99.1', u'41.5']
[1177.0, u'Vose Elementary School', u'THPRD Rec Mobile crafts sports  OSU snack attack', u'English Language Arts', u'100', u'42.4']
[1177.0, u'Vose Elementary School', u'THPRD Rec Mobile crafts sports  OSU snack attack', u'Mathematics', u'99.7', u'43.1']
[1179.0, u'William Walker Elementary School', None, u'English Language Arts', u'99.6', u'39.4']
[1179.0, u'William Walker Elementary School', None, u'Mathematics', u'98.3', u'36.7']
[1180.0, u'Cedar Park Middle School', None, u'English Language Arts', u'98.1', u'66.2']
[1180.0, u'Cedar Park Middle School', None, u'Mathematics', u'97.2', u'56.5']
[1181.0, u'Five Oaks Middle School', u'sports and crafts', u'English Language Arts', u'94.8', u'47.5']
[1181.0, u'Five Oaks Middle School', u'sports and crafts', u'Mathematics', u'95.1', u'39.9']
[1182.0, u'Meadow Park Middle School', None, u'English Language Arts', u'97.7', u'60.5']
[1182.0, u'Meadow Park Middle School', None, u'Mathematics', u'98.5', u'52.5']
[1183.0, u'Mountain View Middle School', None, u'English Language Arts', u'99.2', u'51.8']
[1183.0, u'Mountain View Middle School', None, u'Mathematics', u'98.9', u'35.8']
[1184.0, u'Highland Park Middle School', None, u'English Language Arts', u'98.3', u'60.8']
[1184.0, u'Highland Park Middle School', None, u'Mathematics', u'98.6', u'53.3']
[1185.0, u'Whitford Middle School', None, u'English Language Arts', u'96.9', u'53.4']
[1185.0, u'Whitford Middle School', None, u'Mathematics', u'93.9', u'42.0']
[1186.0, u'Aloha High School', None, u'English Language Arts', u'85.3', u'44.3']
[1186.0, u'Aloha High School', None, u'Mathematics', u'82.6', u'18.8']
[1187.0, u'Beaverton High School', None, u'English Language Arts', u'93.5', u'57.0']
[1187.0, u'Beaverton High School', None, u'Mathematics', u'93.0', u'37.0']
[1188.0, u'Sunset High School', None, u'English Language Arts', u'83.5', u'77.7']
[1188.0, u'Sunset High School', None, u'Mathematics', u'83.5', u'58.7']
[1200.0, u'Glencoe High School', u'Summer Physical Fitness activities, including weight training and running.', u'English Language Arts', u'98.1', u'63.3']
[1200.0, u'Glencoe High School', u'Summer Physical Fitness activities, including weight training and running.', u'Mathematics', u'97.8', u'27.5']
[1201.0, u'Hillsboro High School', u'Secondary Migrant Education Summer School', u'English Language Arts', u'97.6', u'70.9']
[1201.0, u'Hillsboro High School', u'Secondary Migrant Education Summer School', u'Mathematics', u'96.8', u'25.7']
[1213.0, u'Yamhill Carlton Elementary School', u'Summer School, Summer Library Program, American Heart Association Jumps and Hoops, and Local Summer Bible School is held in the school building', u'English Language Arts', u'97.5', u'34.2']
[1213.0, u'Yamhill Carlton Elementary School', u'Summer School, Summer Library Program, American Heart Association Jumps and Hoops, and Local Summer Bible School is held in the school building', u'Mathematics', u'98.1', u'44.2']
[1217.0, u'Edwards Elementary School', None, u'English Language Arts', u'99.5', u'48.0']
[1217.0, u'Edwards Elementary School', None, u'Mathematics', u'98.9', u'40.4']
[1224.0, u'Willamina Elementary School', u'Summer School Program', u'English Language Arts', u'95.9', u'24.8']
[1224.0, u'Willamina Elementary School', u'Summer School Program', u'Mathematics', u'94.7', u'19.9']
[1228.0, u'Columbus Elementary School', None, u'English Language Arts', u'97.6', u'52.4']
[1228.0, u'Columbus Elementary School', None, u'Mathematics', u'97.6', u'40.2']
[1230.0, u'Memorial Elementary School', None, u'English Language Arts', u'97.4', u'65.9']
[1230.0, u'Memorial Elementary School', None, u'Mathematics', u'98.1', u'68.5']
[1231.0, u'Newby Elementary School', None, u'English Language Arts', u'97.7', u'50.6']
[1231.0, u'Newby Elementary School', None, u'Mathematics', u'98.1', u'49.0']
[1232.0, u'Wascher Elementary School', None, u'English Language Arts', u'96.3', u'49.4']
[1232.0, u'Wascher Elementary School', None, u'Mathematics', u'96.3', u'41.7']
[1233.0, u'Patton Middle School', None, u'English Language Arts', u'96.8', u'57.0']
[1233.0, u'Patton Middle School', None, u'Mathematics', u'96.0', u'40.7']
[1235.0, u'Faulconer-Chapman School', u'Migrant summer school, academic and enrichment activities', u'English Language Arts', u'97.9', u'21.8']
[1235.0, u'Faulconer-Chapman School', u'Migrant summer school, academic and enrichment activities', u'Mathematics', u'97.9', u'21.0']
[1243.0, u'Lane Middle School', u'Enrichment activities such as reading, sports, games, arts and crafts. ', u'English Language Arts', u'99.3', u'39.7']
[1243.0, u'Lane Middle School', u'Enrichment activities such as reading, sports, games, arts and crafts. ', u'Mathematics', u'99.3', u'32.6']
[1254.0, u'Reynolds Middle School', u'Metropolitan Family Services (SUN) will be running a program from 7/13-8/6 (registration required) with reading readiness, and activities. Early Kindergarten Transition will be participating (EKT)as well.  Lunch only from 6/22 -7/10.', u'English Language Arts', u'96.2', u'30.3']
[1254.0, u'Reynolds Middle School', u'Metropolitan Family Services (SUN) will be running a program from 7/13-8/6 (registration required) with reading readiness, and activities. Early Kindergarten Transition will be participating (EKT)as well.  Lunch only from 6/22 -7/10.', u'Mathematics', u'97.4', u'20.6']
[1267.0, u'Lincoln Elementary School', u'They are having a Kindergarden Jump Start program with skill & placement testings.', u'English Language Arts', u'98.9', u'20.6']
[1267.0, u'Lincoln Elementary School', u'They are having a Kindergarden Jump Start program with skill & placement testings.', u'Mathematics', u'98.9', u'19.7']
[1268.0, u'French Prairie Middle School', u'They are having 6th grade orientation with testing; math, reading & science. It will also be an open site.', u'English Language Arts', u'99.5', u'32.2']
[1268.0, u'French Prairie Middle School', u'They are having 6th grade orientation with testing; math, reading & science. It will also be an open site.', u'Mathematics', u'99.2', u'18.9']
[1291.0, u'Dayton Jr High School', u'Where the food grows theam. Learn where and how food is grown in our area.  Farm Day, Crafts, reading groups, garden sharing area, open gym.', u'English Language Arts', u'98.7', u'40.2']
[1291.0, u'Dayton Jr High School', u'Where the food grows theam. Learn where and how food is grown in our area.  Farm Day, Crafts, reading groups, garden sharing area, open gym.', u'Mathematics', u'98.2', u'29.8']
[1301.0, u'Tualatin High School', u'Summer School', u'English Language Arts', u'96.5', u'80.8']
[1301.0, u'Tualatin High School', u'Summer School', u'Mathematics', u'97.1', u'57.1']
[1308.0, u'Elk Meadow Elementary School', u'Summer school; playground activities', u'English Language Arts', u'99.2', u'64.5']
[1308.0, u'Elk Meadow Elementary School', u'Summer school; playground activities', u'Mathematics', u'98.5', u'52.1']
[1311.0, u'Central Linn Elementary School', u'summer camp(educational and fun activities)  ', u'English Language Arts', u'99.1', u'54.5']
[1311.0, u'Central Linn Elementary School', u'summer camp(educational and fun activities)  ', u'Mathematics', u'99.1', u'43.5']
[1320.0, u'Westview High School', None, u'English Language Arts', u'96.5', u'82.5']
[1320.0, u'Westview High School', None, u'Mathematics', u'96.8', u'50.3']
[1321.0, u'Monroe Grade School', None, u'English Language Arts', u'100', u'41.9']
[1321.0, u'Monroe Grade School', None, u'Mathematics', u'100', u'32.5']
[1331.0, u'Stephens Middle School', u'Summer Academy offered for enrolled students', u'English Language Arts', u'99.8', u'46.0']
[1331.0, u'Stephens Middle School', u'Summer Academy offered for enrolled students', u'Mathematics', u'99.1', u'31.0']
[1338.0, u'Marshall High School', u'Enrichment activities such a reading, writing, games, sports, arts & crafts. ', u'English Language Arts', u'84.1', u'45.9']
[1338.0, u'Marshall High School', u'Enrichment activities such a reading, writing, games, sports, arts & crafts. ', u'Mathematics', u'95.5', u'7.1']
[1352.0, u'Riverbend Elementary School', None, u'English Language Arts', u'99.1', u'37.0']
[1352.0, u'Riverbend Elementary School', None, u'Mathematics', u'98.6', u'28.4']
[1353.0, u'Agnes Stewart Middle School', u'Summer camp', u'English Language Arts', u'99.5', u'45.9']
[1353.0, u'Agnes Stewart Middle School', u'Summer camp', u'Mathematics', u'99.5', u'33.2']
[1359.0, u'Heritage Elementary', u'Open library, story time, games & other activities', u'English Language Arts', u'99.3', u'25.9']
[1359.0, u'Heritage Elementary', u'Open library, story time, games & other activities', u'Mathematics', u'99.3', u'28.3']
[1365.0, u'Woodland Elementary', u'Metropolitan Family Services (SUN) will be running a program from 7/13-8/6 (registration required) with reading readiness, and activities. Early Kindergarten Transition will be participating (EKT)as well.    ', u'English Language Arts', u'98.2', u'31.7']
[1365.0, u'Woodland Elementary', u'Metropolitan Family Services (SUN) will be running a program from 7/13-8/6 (registration required) with reading readiness, and activities. Early Kindergarten Transition will be participating (EKT)as well.    ', u'Mathematics', u'98.7', u'22.7']
[1773.0, u'Jefferson County Middle School', u'Sig Grant, ESY Summer School, Migrant Program', u'English Language Arts', u'97.7', u'36.0']
[1773.0, u'Jefferson County Middle School', u'Sig Grant, ESY Summer School, Migrant Program', u'Mathematics', u'97.5', u'18.8']
[2783.0, u'Southridge High School', None, u'English Language Arts', u'97.3', u'85.8']
[2783.0, u'Southridge High School', None, u'Mathematics', u'97.5', u'57.6']
[2784.0, u'Grandhaven Elementary School', None, u'English Language Arts', u'97.2', u'62.2']
[2784.0, u'Grandhaven Elementary School', None, u'Mathematics', u'97.2', u'67.1']
[3342.0, u'Oak Grove Elementary', u'A Title I summer school program will be offered at this site.', u'English Language Arts', u'98.6', u'39.5']
[3342.0, u'Oak Grove Elementary', u'A Title I summer school program will be offered at this site.', u'Mathematics', u'97.2', u'29.1']
[3349.0, u'Prairie City School', u'Arts and crafts, science activities and games ', u'English Language Arts', u'98.6', u'47.8']
[3349.0, u'Prairie City School', u'Arts and crafts, science activities and games ', u'Mathematics', u'98.6', u'39.1']
[3352.0, u'Jewell School', u'Summer Library ', u'English Language Arts', u'100', u'64.5']
[3352.0, u'Jewell School', u'Summer Library ', u'Mathematics', u'98.7', u'41.3']
[3353.0, u'Dayville School', u'Community garden, arts and crafts, PE type activities', u'English Language Arts', u'100', u'44.0']
[3353.0, u'Dayville School', u'Community garden, arts and crafts, PE type activities', u'Mathematics', u'100', u'20.0']
[3433.0, u'Echo School', u'The district offers a variety of summer school educational and recreational program on Monday - Friday. Two weeks in June for Junior High and High School.  Two weeks in July for Elementary.', u'English Language Arts', u'98.4', u'53.2']
[3433.0, u'Echo School', u'The district offers a variety of summer school educational and recreational program on Monday - Friday. Two weeks in June for Junior High and High School.  Two weeks in July for Elementary.', u'Mathematics', u'99.2', u'34.6']
[3464.0, u'Ash Creek Elementary School', None, u'English Language Arts', u'98.8', u'33.3']
[3464.0, u'Ash Creek Elementary School', None, u'Mathematics', u'99.2', u'31.3']
[3525.0, u'Earl Boyles Elementary', u'Sun Program', u'English Language Arts', u'98.9', u'48.9']
[3525.0, u'Earl Boyles Elementary', u'Sun Program', u'Mathematics', u'99.5', u'39.1']
[3554.0, u'Central Medford High School', u'Continued education curriculm', u'English Language Arts', u'78.1', u'12.3']
[3554.0, u'Central Medford High School', u'Continued education curriculm', u'Mathematics', u'-', u'< 5.0']
[3566.0, u'Kalapuya High School', u'Summer School for high school students', u'English Language Arts', u'87.2', u'32.4']
[3566.0, u'Kalapuya High School', u'Summer School for high school students', u'Mathematics', u'-', u'< 5.0']
[3567.0, u'Prairie Mountain School', u'A reading and writing focused summer school will be onsite', u'English Language Arts', u'98.6', u'46.8']
[3567.0, u'Prairie Mountain School', u'A reading and writing focused summer school will be onsite', u'Mathematics', u'98.4', u'37.7']
[3569.0, u'Lewis & Clark Elementary School', None, u'English Language Arts', u'99.1', u'43.8']
[3569.0, u'Lewis & Clark Elementary School', None, u'Mathematics', u'99.3', u'38.0']
[3624.0, u'Brockway Elementary School', u'Extended School Year Program for elementary students.', u'English Language Arts', u'100', u'33.3']
[3624.0, u'Brockway Elementary School', u'Extended School Year Program for elementary students.', u'Mathematics', u'100', u'36.6']
[3950.0, u'Albany Options School', u'Childcare and Summer School', u'English Language Arts', u'97.7', u'25.6']
[3950.0, u'Albany Options School', u'Childcare and Summer School', u'Mathematics', u'-', u'< 5.0']
[3989.0, u'Salish Ponds Elementary School', u'Metropolitan Family Services (SUN) will be running a program from 7/13-8/6 (registration required) with reading readiness, and activities. Early Kindergarten Transition will be participating (EKT)as well.  Lunch only from 6/22 -7/10.', u'English Language Arts', u'99.1', u'25.3']
[3989.0, u'Salish Ponds Elementary School', u'Metropolitan Family Services (SUN) will be running a program from 7/13-8/6 (registration required) with reading readiness, and activities. Early Kindergarten Transition will be participating (EKT)as well.  Lunch only from 6/22 -7/10.', u'Mathematics', u'98.2', u'23.3']
[4004.0, u'New Urban High School', u'High School Summer School', u'English Language Arts', u'83.3', u'13.8']
[4004.0, u'New Urban High School', u'High School Summer School', u'Mathematics', u'-', u'< 5.0']
[4021.0, u'White Mountain Middle School', u'White Mountain Middle School and Upper Table Rock Elementary enrichment summer camp, as well as open site. ', u'English Language Arts', u'99.7', u'46.9']
[4021.0, u'White Mountain Middle School', u'White Mountain Middle School and Upper Table Rock Elementary enrichment summer camp, as well as open site. ', u'Mathematics', u'99.7', u'22.3']
[4025.0, u'Coquille Valley Elementary', None, u'English Language Arts', u'97.9', u'40.5']
[4025.0, u'Coquille Valley Elementary', None, u'Mathematics', u'98.7', u'31.4']
[4038.0, u'Siletz Valley Schools', None, u'English Language Arts', u'100', u'26.0']
[4038.0, u'Siletz Valley Schools', None, u'Mathematics', u'100', u'19.8']
[4048.0, u'Irrigon Elementary School', u'Summer school/reading, writing and math instruction on a daily basis in a classroom setting.', u'English Language Arts', u'97.6', u'35.6']
[4048.0, u'Irrigon Elementary School', u'Summer school/reading, writing and math instruction on a daily basis in a classroom setting.', u'Mathematics', u'97.6', u'23.9']
[4068.0, u'Harritt Elementary School', u'Giving books out to kids during lunch.', u'English Language Arts', u'97.8', u'48.9']
[4068.0, u'Harritt Elementary School', u'Giving books out to kids during lunch.', u'Mathematics', u'99.1', u'37.4']
[4146.0, u'Cesar Chavez Elementary School', None, u'English Language Arts', u'95.9', u'49.8']
[4146.0, u'Cesar Chavez Elementary School', None, u'Mathematics', u'95.5', u'35.4']
[4157.0, u'Holt Elementary School', None, u'English Language Arts', u'98.1', u'53.1']
[4157.0, u'Holt Elementary School', None, u'Mathematics', u'98.1', u'40.9']
[4232.0, u'Ron Russell Middle School', u'Sun School', u'English Language Arts', u'99.1', u'56.6']
[4232.0, u'Ron Russell Middle School', u'Sun School', u'Mathematics', u'99.5', u'38.9']
[4391.0, u'Phoenix School', u'Summer School, Kids Camps', u'English Language Arts', u'81.1', u'39.5']
[4391.0, u'Phoenix School', u'Summer School, Kids Camps', u'Mathematics', u'77.4', u'9.8']
[4396.0, u'Vernonia Middle School', u'During summer months various sports camps and othe activities occur. Summer meals will be served at this site when these activities are taking place. ', u'English Language Arts', u'98.4', u'35.5']
[4396.0, u'Vernonia Middle School', u'During summer months various sports camps and othe activities occur. Summer meals will be served at this site when these activities are taking place. ', u'Mathematics', u'100', u'24.4']
[4434.0, u'Baker Prairie Middle School', u'Summer School Program, Migrant Summer School Program.', u'English Language Arts', u'96.7', u'55.9']
[4434.0, u'Baker Prairie Middle School', u'Summer School Program, Migrant Summer School Program.', u'Mathematics', u'96.5', u'44.0']
[4543.0, u'Woodburn Arts and Communications Academy', u'Summer School program with math, literacy & social sciences', u'English Language Arts', u'97.3', u'70.4']
[4543.0, u'Woodburn Arts and Communications Academy', u'Summer School program with math, literacy & social sciences', u'Mathematics', u'98.6', u'8.3']
[4639.0, u'Sue Buel Elementary', None, u'English Language Arts', u'99.2', u'47.8']
[4639.0, u'Sue Buel Elementary', None, u'Mathematics', u'99.2', u'35.5']
[4642.0, u'Lincoln Street Elementary School', u'Pre-K and K-6 summer education program.', u'English Language Arts', u'99.0', u'26.9']
[4642.0, u'Lincoln Street Elementary School', u'Pre-K and K-6 summer education program.', u'Mathematics', u'98.7', u'21.5']
[4715.0, u'Happy Valley Middle School', u'Summer Rec meets at HLMS Mon-Fri 8:00-4:00.', u'English Language Arts', u'99.0', u'76.9']
[4715.0, u'Happy Valley Middle School', u'Summer Rec meets at HLMS Mon-Fri 8:00-4:00.', u'Mathematics', u'99.2', u'60.0']
[4762.0, u'Ardenwald Elementary School', u'A Title program will be offered at this site', u'English Language Arts', u'99.1', u'40.7']
[4762.0, u'Ardenwald Elementary School', u'A Title program will be offered at this site', u'Mathematics', u'97.3', u'33.3']
[4764.0, u'Lewelling Elementary School', u'A Title program will be offered at this site', u'English Language Arts', u'98.3', u'50.6']
[4764.0, u'Lewelling Elementary School', u'A Title program will be offered at this site', u'Mathematics', u'97.7', u'39.6']
[4857.0, u'Winter Lakes School', None, u'English Language Arts', u'93.8', u'56.7']
[4857.0, u'Winter Lakes School', None, u'Mathematics', u'-', u'< 5.0']
[5058.0, u'Ridgeview High School', u'Camp 9-program designed to strengthen transition to High School for incoming freshman.', u'English Language Arts', u'94.5', u'72.1']
[5058.0, u'Ridgeview High School', u'Camp 9-program designed to strengthen transition to High School for incoming freshman.', u'Mathematics', u'93.6', u'26.5']
[5059.0, u'Two Rivers Dos Rios Elementary', u'Migrant Education program Summer School- not a migrant site, just using the school -- closed to the public', u'English Language Arts', u'99.5', u'34.7']
[5059.0, u'Two Rivers Dos Rios Elementary', u'Migrant Education program Summer School- not a migrant site, just using the school -- closed to the public', u'Mathematics', u'99.0', u'29.7']
[5064.0, u'Cesar E Chavez Elem', u'Books and possibly open Library, possible Kinder camp/ mostly only community kids this year. Summer School is at Hoover.', u'English Language Arts', u'98.9', u'31.9']
[5064.0, u'Cesar E Chavez Elem', u'Books and possibly open Library, possible Kinder camp/ mostly only community kids this year. Summer School is at Hoover.', u'Mathematics', u'98.5', u'25.2']

