3525,Earl Boyles Elementary,E,Sun Program,English Language Arts,98.9,48.9
3525,Earl Boyles Elementary,E,Sun Program,Mathematics,99.5,39.1
3525,Earl Boyles Elementary,E,Sun Program,Science,100.0,70.3
933,East Gresham Elementary School,E,SUN program,English Language Arts,97.8,28.2
933,East Gresham Elementary School,E,SUN program,Mathematics,97.8,18.9
933,East Gresham Elementary School,E,SUN program,Science,100.0,47.9
3433,Echo School,H,The district offers a variety of summer school educational and recreational program on Monday - Friday. Two weeks in June for Junior High and High School.  Two weeks in July for Elementary.,English Language Arts,98.4,53.2
3433,Echo School,H,The district offers a variety of summer school educational and recreational program on Monday - Friday. Two weeks in June for Junior High and High School.  Two weeks in July for Elementary.,Mathematics,99.2,34.6
3433,Echo School,H,The district offers a variety of summer school educational and recreational program on Monday - Friday. Two weeks in June for Junior High and High School.  Two weeks in July for Elementary.,Science,94.2,57.1
1217,Edwards Elementary School,E,None,English Language Arts,99.5,48.0
1217,Edwards Elementary School,E,None,Mathematics,98.9,40.4
1217,Edwards Elementary School,E,None,Science,98.4,51.7
1308,Elk Meadow Elementary School,E,Summer school; playground activities,English Language Arts,99.2,64.5
1308,Elk Meadow Elementary School,E,Summer school; playground activities,Mathematics,98.5,52.1
1308,Elk Meadow Elementary School,E,Summer school; playground activities,Science,100.0,77.3
1162,Elmonica Elementary School,E,THPRD Recmobile,English Language Arts,99.3,58.5
1162,Elmonica Elementary School,E,THPRD Recmobile,Mathematics,97.4,60.3
1162,Elmonica Elementary School,E,THPRD Recmobile,Science,100.0,77.3
443,Evergreen Elementary School,E,recreational and cultural activities,English Language Arts,99.5,43.8
443,Evergreen Elementary School,E,recreational and cultural activities,Mathematics,99.0,39.6
443,Evergreen Elementary School,E,recreational and cultural activities,Science,100.0,73.0
584,Fairfield Elementary School,E,Pre Kindergarten preparedness class meets twice weekly,English Language Arts,98.7,45.5
584,Fairfield Elementary School,E,Pre Kindergarten preparedness class meets twice weekly,Mathematics,99.4,38.2
584,Fairfield Elementary School,E,Pre Kindergarten preparedness class meets twice weekly,Science,100.0,51.2
1006,Falls City High School,H,None,English Language Arts,94.1,68.8
1006,Falls City High School,H,None,Mathematics,88.2,26.7
1006,Falls City High School,H,None,Science,88.2,66.7
1235,FaulconerChapman School,E,Migrant summer school academic and enrichment activities,English Language Arts,97.9,21.8
1235,FaulconerChapman School,E,Migrant summer school academic and enrichment activities,Mathematics,97.9,21.0
1235,FaulconerChapman School,E,Migrant summer school academic and enrichment activities,Science,100.0,30.6
270,Fir Grove Elementary School,E,None,English Language Arts,100.0,52.5
270,Fir Grove Elementary School,E,None,Mathematics,100.0,43.9
270,Fir Grove Elementary School,E,None,Science,100.0,75.6
1163,Fir Grove Elementary School,E,None,English Language Arts,98.5,50.2
1163,Fir Grove Elementary School,E,None,Mathematics,97.7,44.6
1163,Fir Grove Elementary School,E,None,Science,98.9,55.3
1181,Five Oaks Middle School,M,sports and crafts,English Language Arts,94.8,47.5
1181,Five Oaks Middle School,M,sports and crafts,Mathematics,95.1,39.9
1181,Five Oaks Middle School,M,sports and crafts,Science,None,None
444,Fleming Middle School,M,None,English Language Arts,99.2,62.1
444,Fleming Middle School,M,None,Mathematics,99.5,39.6
444,Fleming Middle School,M,None,Science,100.0,75.9
1134,Forest Grove High School,H,Summer School Credit Recovery Open to neighborhood children,English Language Arts,89.2,41.7
1134,Forest Grove High School,H,Summer School Credit Recovery Open to neighborhood children,Mathematics,88.0,25.5
1134,Forest Grove High School,H,Summer School Credit Recovery Open to neighborhood children,Science,92.2,51.2
738,Four Corners Elementary School,E,Open Library on Tuesday's and Thursday's. Open Computer Tu/ Th Lab aprox. 150 kids; Community 45.,English Language Arts,99.6,27.0
738,Four Corners Elementary School,E,Open Library on Tuesday's and Thursday's. Open Computer Tu/ Th Lab aprox. 150 kids; Community 45.,Mathematics,99.6,16.4
738,Four Corners Elementary School,E,Open Library on Tuesday's and Thursday's. Open Computer Tu/ Th Lab aprox. 150 kids; Community 45.,Science,100.0,34.6
1268,French Prairie Middle School,M,They are having 6th grade orientation with testing; math reading & science. It will also be an open site.,English Language Arts,99.5,32.2
1268,French Prairie Middle School,M,They are having 6th grade orientation with testing; math reading & science. It will also be an open site.,Mathematics,99.2,18.9
1268,French Prairie Middle School,M,They are having 6th grade orientation with testing; math reading & science. It will also be an open site.,Science,100.0,23.0
445,Fruitdale Elementary School,E,None,English Language Arts,100.0,62.1
445,Fruitdale Elementary School,E,None,Mathematics,100.0,54.4
445,Fruitdale Elementary School,E,None,Science,100.0,86.9
271,Fullerton IV Elementary School,E,Extended School Year.,English Language Arts,100.0,31.5
271,Fullerton IV Elementary School,E,Extended School Year.,Mathematics,100.0,24.2
271,Fullerton IV Elementary School,E,Extended School Year.,Science,100.0,74.5
115,Gardiner Middle School,M,Arts and crafts literacy and/or games.,English Language Arts,98.5,65.6
115,Gardiner Middle School,M,Arts and crafts literacy and/or games.,Mathematics,97.9,45.2
115,Gardiner Middle School,M,Arts and crafts literacy and/or games.,Science,99.2,70.2
30,Garfield Elementary School,E,Parks & Rec program,English Language Arts,99.4,31.1
30,Garfield Elementary School,E,Parks & Rec program,Mathematics,99.4,24.6
30,Garfield Elementary School,E,Parks & Rec program,Science,100.0,37.0
849,George Middle School,M,Reading art and physical activities,English Language Arts,92.8,17.6
849,George Middle School,M,Reading art and physical activities,Mathematics,93.4,11.7
849,George Middle School,M,Reading art and physical activities,Science,90.4,11.9
776,Gervais Elementary School,E,Summer School with our own teaching staff,English Language Arts,98.7,35.9
776,Gervais Elementary School,E,Summer School with our own teaching staff,Mathematics,98.2,30.0
776,Gervais Elementary School,E,Summer School with our own teaching staff,Science,100.0,29.6
973,Gilbert Heights Elementary School,E,Sun Program,English Language Arts,100.0,36.3
973,Gilbert Heights Elementary School,E,Sun Program,Mathematics,99.6,25.4
973,Gilbert Heights Elementary School,E,Sun Program,Science,100.0,37.2
974,Gilbert Park Elementary School,E,Sun Program,English Language Arts,99.4,43.9
974,Gilbert Park Elementary School,E,Sun Program,Mathematics,98.7,39.4
974,Gilbert Park Elementary School,E,Sun Program,Science,100.0,44.9
1200,Glencoe High School,H,Summer Physical Fitness activities including weight training and running.,English Language Arts,98.1,63.3
1200,Glencoe High School,H,Summer Physical Fitness activities including weight training and running.,Mathematics,97.8,27.5
1200,Glencoe High School,H,Summer Physical Fitness activities including weight training and running.,Science,100.0,50.4
306,Glendale Elementary School,E,A book reading program for six days in August,English Language Arts,97.6,29.6
306,Glendale Elementary School,E,A book reading program for six days in August,Mathematics,98.2,14.1
306,Glendale Elementary School,E,A book reading program for six days in August,Science,98.1,43.4
946,Glenfair Elementary School,E,Metropolitan Family Services (SUN) will be running a program from 7/13-8/6 (registration required) with reading readiness and activities. Early Kindergarten Transition will be participating (EKT)as well.  Lunch only from 6/22 -7/10.,English Language Arts,98.2,17.8
946,Glenfair Elementary School,E,Metropolitan Family Services (SUN) will be running a program from 7/13-8/6 (registration required) with reading readiness and activities. Early Kindergarten Transition will be participating (EKT)as well.  Lunch only from 6/22 -7/10.,Mathematics,97.2,12.2
946,Glenfair Elementary School,E,Metropolitan Family Services (SUN) will be running a program from 7/13-8/6 (registration required) with reading readiness and activities. Early Kindergarten Transition will be participating (EKT)as well.  Lunch only from 6/22 -7/10.,Science,97.1,34.8
239,Gold Beach High School,H,School Athletic Events Community Events etc.,English Language Arts,88.6,77.4
239,Gold Beach High School,H,School Athletic Events Community Events etc.,Mathematics,91.4,31.3
239,Gold Beach High School,H,School Athletic Events Community Events etc.,Science,91.4,71.9
2784,Grandhaven Elementary School,E,None,English Language Arts,97.2,62.2
2784,Grandhaven Elementary School,E,None,Mathematics,97.2,67.1
2784,Grandhaven Elementary School,E,None,Science,95.8,69.6
442,Grants Pass High School,H,Campssummer classesGP City PoolFamily Solutions,English Language Arts,78.9,43.5
442,Grants Pass High School,H,Campssummer classesGP City PoolFamily Solutions,Mathematics,83.5,23.0
442,Grants Pass High School,H,Campssummer classesGP City PoolFamily Solutions,Science,89.0,69.6
653,Green Acres School,E,None,English Language Arts,99.3,32.3
653,Green Acres School,E,None,Mathematics,99.3,26.3
653,Green Acres School,E,None,Science,95.9,40.4
272,Green Elementary School,E,None,English Language Arts,98.8,32.1
272,Green Elementary School,E,None,Mathematics,97.1,29.1
272,Green Elementary School,E,None,Science,100.0,61.8
1157,Greenway Elementary School,E,None,English Language Arts,100.0,47.9
1157,Greenway Elementary School,E,None,Mathematics,100.0,40.2
1157,Greenway Elementary School,E,None,Science,100.0,67.1
986,Gresham High School,H,Sun program,English Language Arts,99.0,80.6
986,Gresham High School,H,Sun program,Mathematics,98.7,33.4
986,Gresham High School,H,Sun program,Science,99.0,57.3
1059,Grove Elementary School,E,None,English Language Arts,99.3,41.5
1059,Grove Elementary School,E,None,Mathematics,99.3,23.7
1059,Grove Elementary School,E,None,Science,97.8,70.5
549,Hamlin Middle School,M,Summer School,English Language Arts,97.9,39.2
549,Hamlin Middle School,M,Summer School,Mathematics,98.6,24.0
549,Hamlin Middle School,M,Summer School,Science,95.5,30.7
4715,Happy Valley Middle School,M,Summer Rec meets at HLMS Mon-Fri 8:00-4:00.,English Language Arts,99.0,76.9
4715,Happy Valley Middle School,M,Summer Rec meets at HLMS Mon-Fri 8:00-4:00.,Mathematics,99.2,60.0
4715,Happy Valley Middle School,M,Summer Rec meets at HLMS Mon-Fri 8:00-4:00.,Science,99.4,68.1
659,Harrisburg Elementary School,E,Summer School will run concurrently with the summer food program.,English Language Arts,95.5,36.9
659,Harrisburg Elementary School,E,Summer School will run concurrently with the summer food program.,Mathematics,94.3,32.5
659,Harrisburg Elementary School,E,Summer School will run concurrently with the summer food program.,Science,98.1,43.1
576,Harrison Elementary School,E,None,English Language Arts,99.5,51.2
576,Harrison Elementary School,E,None,Mathematics,99.5,46.4
576,Harrison Elementary School,E,None,Science,100.0,89.1
4068,Harritt Elementary School,E,Giving books out to kids during lunch.,English Language Arts,97.8,48.9
4068,Harritt Elementary School,E,Giving books out to kids during lunch.,Mathematics,99.1,37.4
4068,Harritt Elementary School,E,Giving books out to kids during lunch.,Science,100.0,64.3
947,Hartley Elementary School,E,Metropolitan Family Services (SUN) will be running a program from 7/13-8/6 (registration required) with reading readiness and activities. Early Kindergarten Transition will be participating (EKT)as well.  Lunch only from 6/22 -7/10.,English Language Arts,99.6,26.6
947,Hartley Elementary School,E,Metropolitan Family Services (SUN) will be running a program from 7/13-8/6 (registration required) with reading readiness and activities. Early Kindergarten Transition will be participating (EKT)as well.  Lunch only from 6/22 -7/10.,Mathematics,99.6,17.5
947,Hartley Elementary School,E,Metropolitan Family Services (SUN) will be running a program from 7/13-8/6 (registration required) with reading readiness and activities. Early Kindergarten Transition will be participating (EKT)as well.  Lunch only from 6/22 -7/10.,Science,98.7,40.3
954,Hauton B Lee Middle School,M,SUN - Metropolitan Family Services  ,English Language Arts,98.7,32.4
954,Hauton B Lee Middle School,M,SUN - Metropolitan Family Services  ,Mathematics,98.6,24.9
954,Hauton B Lee Middle School,M,SUN - Metropolitan Family Services  ,Science,100.0,34.0
663,Hawthorne Elementary School,E,None,English Language Arts,99.4,24.1
663,Hawthorne Elementary School,E,None,Mathematics,99.4,20.0
663,Hawthorne Elementary School,E,None,Science,100.0,55.9
1164,Hazeldale Elementary School,E,Parks and Rec District activities,English Language Arts,100.0,65.7
1164,Hazeldale Elementary School,E,Parks and Rec District activities,Mathematics,100.0,68.1
1164,Hazeldale Elementary School,E,Parks and Rec District activities,Science,100.0,60.3
421,Hedrick Middle School,M,Continued education curriculum,English Language Arts,98.0,61.3
421,Hedrick Middle School,M,Continued education curriculum,Mathematics,97.8,43.8
421,Hedrick Middle School,M,Continued education curriculum,Science,99.3,76.6
377,Helman Elementary School,E,Summer School,English Language Arts,98.0,70.7
377,Helman Elementary School,E,Summer School,Mathematics,96.7,61.2
377,Helman Elementary School,E,Summer School,Science,97.9,82.6
1359,Heritage Elementary,E,Open library story time games & other activities,English Language Arts,99.3,25.9
1359,Heritage Elementary,E,Open library story time games & other activities,Mathematics,99.3,28.3
1359,Heritage Elementary,E,Open library story time games & other activities,Science,99.3,25.9
455,Hidden Valley High School,H,Math Science-summer school,English Language Arts,98.8,64.4
455,Hidden Valley High School,H,Math Science-summer school,Mathematics,98.8,23.3
455,Hidden Valley High School,H,Math Science-summer school,Science,99.4,50.6
309,Highland Elementary School,E,None,English Language Arts,98.4,27.6
309,Highland Elementary School,E,None,Mathematics,97.9,19.6
309,Highland Elementary School,E,None,Science,98.0,59.2
743,Highland Elementary School,E,None,English Language Arts,99.4,26.7
743,Highland Elementary School,E,None,Mathematics,99.4,21.7
743,Highland Elementary School,E,None,Science,98.5,27.3
935,Highland Elementary School,E,Metropolitian Family Services Cafe Project,English Language Arts,99.2,26.4
935,Highland Elementary School,E,Metropolitian Family Services Cafe Project,Mathematics,99.2,24.8
935,Highland Elementary School,E,Metropolitian Family Services Cafe Project,Science,98.4,38.3
1184,Highland Park Middle School,M,None,English Language Arts,98.3,60.8
1184,Highland Park Middle School,M,None,Mathematics,98.6,53.3
1184,Highland Park Middle School,M,None,Science,None,None
204,Hillcrest Elementary School,E,None,English Language Arts,99.2,58.6
204,Hillcrest Elementary School,E,None,Mathematics,99.6,55.9
204,Hillcrest Elementary School,E,None,Science,98.8,75.9
1201,Hillsboro High School,H,Secondary Migrant Education Summer School,English Language Arts,97.6,70.9
1201,Hillsboro High School,H,Secondary Migrant Education Summer School,Mathematics,96.8,25.7
1201,Hillsboro High School,H,Secondary Migrant Education Summer School,Science,95.0,40.8
390,Hillside Elementary,E,Summer School Focusing on math & reading grades K - 5  open to public during lunch service time.   Play ground on campus accessable,English Language Arts,99.6,35.1
390,Hillside Elementary,E,Summer School Focusing on math & reading grades K - 5  open to public during lunch service time.   Play ground on campus accessable,Mathematics,99.1,33.5
390,Hillside Elementary,E,Summer School Focusing on math & reading grades K - 5  open to public during lunch service time.   Play ground on campus accessable,Science,100.0,49.4
107,Holcomb Elementary School,E,There will be games reading and/or art activities going on each day.,English Language Arts,100.0,46.7
107,Holcomb Elementary School,E,There will be games reading and/or art activities going on each day.,Mathematics,100.0,40.5
107,Holcomb Elementary School,E,There will be games reading and/or art activities going on each day.,Science,100.0,78.9
4157,Holt Elementary School,E,None,English Language Arts,98.1,53.1
4157,Holt Elementary School,E,None,Mathematics,98.1,40.9
4157,Holt Elementary School,E,None,Science,98.9,64.4
744,Hoover Elementary School,E,Elementary Migrant Summer School enrollment 400-450. Plus 50 Community.,English Language Arts,99.6,29.2
744,Hoover Elementary School,E,Elementary Migrant Summer School enrollment 400-450. Plus 50 Community.,Mathematics,99.2,21.7
744,Hoover Elementary School,E,Elementary Migrant Summer School enrollment 400-450. Plus 50 Community.,Science,100.0,51.3
171,Hudson Park Elementary School,E,Basketball Skills Camp - June 10-12 Swimming June 22 - August 28  Grow Healthy Kids Cooking Class Tuesday and Thursday July 7-30  HS Summer School.    Elementary Summer School   Check out the Rainier School District Website at www.rainier.k12.or.us for details on all of our summer activities. ,English Language Arts,100.0,45.1
171,Hudson Park Elementary School,E,Basketball Skills Camp - June 10-12 Swimming June 22 - August 28  Grow Healthy Kids Cooking Class Tuesday and Thursday July 7-30  HS Summer School.    Elementary Summer School   Check out the Rainier School District Website at www.rainier.k12.or.us for details on all of our summer activities. ,Mathematics,100.0,40.0
171,Hudson Park Elementary School,E,Basketball Skills Camp - June 10-12 Swimming June 22 - August 28  Grow Healthy Kids Cooking Class Tuesday and Thursday July 7-30  HS Summer School.    Elementary Summer School   Check out the Rainier School District Website at www.rainier.k12.or.us for details on all of our summer activities. ,Science,100.0,63.2
998,Independence Elementary School,E,None,English Language Arts,99.1,16.7
998,Independence Elementary School,E,None,Mathematics,99.1,17.6
998,Independence Elementary School,E,None,Science,100.0,56.7
4048,Irrigon Elementary School,E,Summer school/reading writing and math instruction on a daily basis in a classroom setting.,English Language Arts,97.6,35.6
4048,Irrigon Elementary School,E,Summer school/reading writing and math instruction on a daily basis in a classroom setting.,Mathematics,97.6,23.9
4048,Irrigon Elementary School,E,Summer school/reading writing and math instruction on a daily basis in a classroom setting.,Science,100.0,32.2
817,Irrigon Junior/Senior High School,H,Credit Recovery; Classroom Instruction,English Language Arts,97.3,50.8
817,Irrigon Junior/Senior High School,H,Credit Recovery; Classroom Instruction,Mathematics,92.3,21.4
817,Irrigon Junior/Senior High School,H,Credit Recovery; Classroom Instruction,Science,85.5,44.8
411,Jackson Elementary School,E,Crafts & Group Activities,English Language Arts,99.2,33.2
411,Jackson Elementary School,E,Crafts & Group Activities,Mathematics,99.2,28.3
411,Jackson Elementary School,E,Crafts & Group Activities,Science,100.0,45.2
862,James John Elementary School,E,Enrichment activities such as reading writing playing games sports art and crafts. ,English Language Arts,95.5,29.4
862,James John Elementary School,E,Enrichment activities such as reading writing playing games sports art and crafts. ,Mathematics,97.8,23.6
862,James John Elementary School,E,Enrichment activities such as reading writing playing games sports art and crafts. ,Science,100.0,28.3
1139,James Templeton Elementary School,E,Summer School Program Arts and Crafts,English Language Arts,99.6,63.3
1139,James Templeton Elementary School,E,Summer School Program Arts and Crafts,Mathematics,99.6,51.8
1139,James Templeton Elementary School,E,Summer School Program Arts and Crafts,Science,100.0,73.4
1773,Jefferson County Middle School,M,Sig Grant ESY Summer School Migrant Program,English Language Arts,97.7,36.0
1773,Jefferson County Middle School,M,Sig Grant ESY Summer School Migrant Program,Mathematics,97.5,18.8
1773,Jefferson County Middle School,M,Sig Grant ESY Summer School Migrant Program,Science,100.0,32.9
721,Jefferson Elementary School,E,None,English Language Arts,98.4,36.3
721,Jefferson Elementary School,E,None,Mathematics,97.8,27.6
721,Jefferson Elementary School,E,None,Science,98.3,62.7
913,Jefferson High School,H,tutoring reading art and physical recreation.,English Language Arts,92.2,52.8
913,Jefferson High School,H,tutoring reading art and physical recreation.,Mathematics,86.1,10.1
913,Jefferson High School,H,tutoring reading art and physical recreation.,Science,44.3,37.3
3352,Jewell School,H,Summer Library ,English Language Arts,100.0,64.5
3352,Jewell School,H,Summer Library ,Mathematics,98.7,41.3
3352,Jewell School,H,Summer Library ,Science,97.3,52.8
383,Jewett Elementary School,E,The school is on a grant.  They provide summer school for identified kids as per the grant.  However we serve all kids that come to the school for lunch.  The kids who are in school just eat with the rest of the guests we have.,English Language Arts,100.0,42.1
383,Jewett Elementary School,E,The school is on a grant.  They provide summer school for identified kids as per the grant.  However we serve all kids that come to the school for lunch.  The kids who are in school just eat with the rest of the guests we have.,Mathematics,100.0,38.1
383,Jewett Elementary School,E,The school is on a grant.  They provide summer school for identified kids as per the grant.  However we serve all kids that come to the school for lunch.  The kids who are in school just eat with the rest of the guests we have.,Science,100.0,55.4
459,Joseph Conger Elementary School,E,None,English Language Arts,98.5,34.2
459,Joseph Conger Elementary School,E,None,Mathematics,98.0,44.6
459,Joseph Conger Elementary School,E,None,Science,100.0,59.1
1133,Joseph Gale Elementary School,E,Community Based Activity Program and Extended School Year program recreational activities and educational activities.,English Language Arts,99.2,30.6
1133,Joseph Gale Elementary School,E,Community Based Activity Program and Extended School Year program recreational activities and educational activities.,Mathematics,99.2,34.7
279,Joseph Lane Middle School,M,None,English Language Arts,99.7,56.5
279,Joseph Lane Middle School,M,None,Mathematics,98.1,37.1
279,Joseph Lane Middle School,M,None,Science,97.8,62.0
765,Judson Middle School,M,None,English Language Arts,97.8,69.9
765,Judson Middle School,M,None,Mathematics,97.2,52.3
765,Judson Middle School,M,None,Science,99.0,76.7
3566,Kalapuya High School,H,Summer School for high school students,English Language Arts,87.2,32.4
3566,Kalapuya High School,H,Summer School for high school students,Mathematics,None,5.0
3566,Kalapuya High School,H,Summer School for high school students,Science,82.1,15.6
746,Kennedy Elementary School,E,None,English Language Arts,99.5,31.9
746,Kennedy Elementary School,E,None,Mathematics,99.5,25.6
746,Kennedy Elementary School,E,None,Science,98.2,53.6
474,Keno Elementary School,E,None,English Language Arts,100.0,52.3
474,Keno Elementary School,E,None,Mathematics,100.0,44.3
474,Keno Elementary School,E,None,Science,100.0,79.2
866,King Elementary School,E,reading art and physical recreation activities,English Language Arts,95.0,17.4
866,King Elementary School,E,reading art and physical recreation activities,Mathematics,97.2,10.8
866,King Elementary School,E,reading art and physical recreation activities,Science,93.9,22.7
1166,Kinnaman Elementary School,E,THPRD Rec Mobile,English Language Arts,100.0,51.7
1166,Kinnaman Elementary School,E,THPRD Rec Mobile,Mathematics,99.7,44.9
1166,Kinnaman Elementary School,E,THPRD Rec Mobile,Science,99.1,45.8
994,LaCreole Middle School,M,None,English Language Arts,99.0,51.5
994,LaCreole Middle School,M,None,Mathematics,99.4,44.8
994,LaCreole Middle School,M,None,Science,99.1,69.3
640,Lafayette Elementary School,E,None,English Language Arts,98.2,42.8
640,Lafayette Elementary School,E,None,Mathematics,98.2,37.7
640,Lafayette Elementary School,E,None,Science,98.0,69.4
1243,Lane Middle School,M,Enrichment activities such as reading sports games arts and crafts. ,English Language Arts,99.3,39.7
1243,Lane Middle School,M,Enrichment activities such as reading sports games arts and crafts. ,Mathematics,99.3,32.6
1243,Lane Middle School,M,Enrichment activities such as reading sports games arts and crafts. ,Science,96.1,34.7
595,Laurel Elementary School,E,None,English Language Arts,100.0,39.1
595,Laurel Elementary School,E,None,Mathematics,100.0,42.2
688,Lebanon High School,H,Summer School(runs Monday thru Thurs June 15 to July 9) and Drama Camp(Monday thru Friday June 15 to June 26),English Language Arts,83.5,56.5
688,Lebanon High School,H,Summer School(runs Monday thru Thurs June 15 to July 9) and Drama Camp(Monday thru Friday June 15 to June 26),Mathematics,82.5,27.3
688,Lebanon High School,H,Summer School(runs Monday thru Thurs June 15 to July 9) and Drama Camp(Monday thru Friday June 15 to June 26),Science,None,95.0
869,Lee Elementary School,E,Reading art and physical recreation activities.,English Language Arts,97.3,43.6
869,Lee Elementary School,E,Reading art and physical recreation activities.,Mathematics,97.3,32.4
869,Lee Elementary School,E,Reading art and physical recreation activities.,Science,93.8,46.1
870,Lent Elementary School,E,reading writing art physical recreation activities,English Language Arts,97.3,24.0
870,Lent Elementary School,E,reading writing art physical recreation activities,Mathematics,97.0,17.8
870,Lent Elementary School,E,reading writing art physical recreation activities,Science,96.5,35.2
4764,Lewelling Elementary School,E,A Title program will be offered at this site,English Language Arts,98.3,50.6
4764,Lewelling Elementary School,E,A Title program will be offered at this site,Mathematics,97.7,39.6
4764,Lewelling Elementary School,E,A Title program will be offered at this site,Science,98.4,66.1
3569,Lewis & Clark Elementary School,E,None,English Language Arts,99.1,43.8
3569,Lewis & Clark Elementary School,E,None,Mathematics,99.3,38.0
3569,Lewis & Clark Elementary School,E,None,Science,100.0,69.5
36,Lincoln Elementary School,E,Summer School,English Language Arts,99.4,46.1
36,Lincoln Elementary School,E,Summer School,Mathematics,98.8,35.5
36,Lincoln Elementary School,E,Summer School,Science,100.0,50.8
1267,Lincoln Elementary School,E,They are having a Kindergarden Jump Start program with skill & placement testings.,English Language Arts,98.9,20.6
1267,Lincoln Elementary School,E,They are having a Kindergarden Jump Start program with skill & placement testings.,Mathematics,98.9,19.7
1267,Lincoln Elementary School,E,They are having a Kindergarden Jump Start program with skill & placement testings.,Science,98.2,30.2
975,Lincoln Park Elementary School,E,Sun Program,English Language Arts,98.0,46.5
975,Lincoln Park Elementary School,E,Sun Program,Mathematics,98.0,38.5
975,Lincoln Park Elementary School,E,Sun Program,Science,100.0,37.9
448,Lincoln Savage Middle School,M,None,English Language Arts,99.4,62.4
448,Lincoln Savage Middle School,M,None,Mathematics,98.6,39.4
448,Lincoln Savage Middle School,M,None,Science,100.0,82.5
4642,Lincoln Street Elementary School,E,Pre-K and K-6 summer education program.,English Language Arts,99.0,26.9
4642,Lincoln Street Elementary School,E,Pre-K and K-6 summer education program.,Mathematics,98.7,21.5
4642,Lincoln Street Elementary School,E,Pre-K and K-6 summer education program.,Science,100.0,38.0
599,Lowell Junior/Senior High School,H,None,English Language Arts,100.0,49.2
599,Lowell Junior/Senior High School,H,None,Mathematics,100.0,31.7
599,Lowell Junior/Senior High School,H,None,Science,100.0,78.6
598,Lundy Elementary School,E,None,English Language Arts,98.4,32.3
598,Lundy Elementary School,E,None,Mathematics,98.4,29.0
598,Lundy Elementary School,E,None,Science,100.0,30.0
989,Lyle Elementary School,E,None,English Language Arts,100.0,35.3
989,Lyle Elementary School,E,None,Mathematics,100.0,47.9
959,Lynch Meadows Elementary School,E,Arts and Sports,English Language Arts,100.0,30.9
959,Lynch Meadows Elementary School,E,Arts and Sports,Mathematics,99.3,20.5
959,Lynch Meadows Elementary School,E,Arts and Sports,Science,100.0,24.3
964,Lynch View Elementary School,E,academic,English Language Arts,99.2,37.5
964,Lynch View Elementary School,E,academic,Mathematics,98.8,32.4
964,Lynch View Elementary School,E,academic,Science,98.7,28.8
965,Lynch Wood Elementary School,E,academic,English Language Arts,97.7,25.5
965,Lynch Wood Elementary School,E,academic,Mathematics,98.0,17.0
965,Lynch Wood Elementary School,E,academic,Science,100.0,33.3
196,Madison Elementary School,E,None,English Language Arts,100.0,40.2
196,Madison Elementary School,E,None,Mathematics,100.0,46.1
915,Madison High School,H,tutoring reading art and physical recreation,English Language Arts,70.0,47.3
915,Madison High School,H,tutoring reading art and physical recreation,Mathematics,69.6,25.3
915,Madison High School,H,tutoring reading art and physical recreation,Science,None,95.0
520,Madison Middle School,M,None,English Language Arts,98.3,55.2
520,Madison Middle School,M,None,Mathematics,97.9,41.6
520,Madison Middle School,M,None,Science,97.8,79.4
475,Malin Elementary School,E,None,English Language Arts,100.0,47.4
475,Malin Elementary School,E,None,Mathematics,100.0,33.3
475,Malin Elementary School,E,None,Science,100.0,33.3
550,Maple Elementary School,E,None,English Language Arts,100.0,41.7
550,Maple Elementary School,E,None,Mathematics,100.0,35.4
550,Maple Elementary School,E,None,Science,100.0,65.0
603,Marcola Elementary School,E,Library open arts & crafts,English Language Arts,97.4,35.5
603,Marcola Elementary School,E,Library open arts & crafts,Mathematics,97.4,28.9
603,Marcola Elementary School,E,Library open arts & crafts,Science,None,95.0
948,Margaret Scott Elementary School,E,Boys & Girls Club runs activities during meal time as well as   Early Kindergarten Connect through RSD,English Language Arts,99.1,33.2
948,Margaret Scott Elementary School,E,Boys & Girls Club runs activities during meal time as well as   Early Kindergarten Connect through RSD,Mathematics,98.2,29.5
948,Margaret Scott Elementary School,E,Boys & Girls Club runs activities during meal time as well as   Early Kindergarten Connect through RSD,Science,100.0,30.8
656,MariLinn Elementary School,E,None,English Language Arts,95.3,52.0
656,MariLinn Elementary School,E,None,Mathematics,97.7,45.2
656,MariLinn Elementary School,E,None,Science,100.0,80.4
715,Mark Twain Middle School,M,Public School,English Language Arts,99.3,56.9
715,Mark Twain Middle School,M,Public School,Mathematics,98.6,34.3
715,Mark Twain Middle School,M,Public School,Science,99.3,47.5
1338,Marshall High School,H,Enrichment activities such a reading writing games sports arts & crafts. ,English Language Arts,84.1,45.9
1338,Marshall High School,H,Enrichment activities such a reading writing games sports arts & crafts. ,Mathematics,95.5,7.1
1338,Marshall High School,H,Enrichment activities such a reading writing games sports arts & crafts. ,Science,None,None
875,Marysville Elementary School,E,art reading and physical recreation,English Language Arts,94.1,48.5
875,Marysville Elementary School,E,art reading and physical recreation,Mathematics,94.1,30.9
875,Marysville Elementary School,E,art reading and physical recreation,Science,94.3,32.9
696,May Roberts Elementary School,E,Migrant Summer School,English Language Arts,100.0,33.2
696,May Roberts Elementary School,E,Migrant Summer School,Mathematics,100.0,32.7
696,May Roberts Elementary School,E,Migrant Summer School,Science,100.0,46.8
771,McKay High School,H,Summer School Programs for enrolled students,English Language Arts,95.7,67.7
771,McKay High School,H,Summer School Programs for enrolled students,Mathematics,91.9,15.3
771,McKay High School,H,Summer School Programs for enrolled students,Science,76.3,60.4
750,McKinley Elementary School,E,Salem Keizer Education Foundation Enrichment classes offered to enrolled students,English Language Arts,98.8,66.9
750,McKinley Elementary School,E,Salem Keizer Education Foundation Enrichment classes offered to enrolled students,Mathematics,98.8,54.7
750,McKinley Elementary School,E,Salem Keizer Education Foundation Enrichment classes offered to enrolled students,Science,100.0,70.9
1169,McKinley Elementary School,E,None,English Language Arts,99.4,45.5
1169,McKinley Elementary School,E,None,Mathematics,99.1,41.5
1169,McKinley Elementary School,E,None,Science,100.0,48.3
422,McLoughlin Middle School,M,Continued education curriculum,English Language Arts,99.6,50.9
422,McLoughlin Middle School,M,Continued education curriculum,Mathematics,99.3,34.8
422,McLoughlin Middle School,M,Continued education curriculum,Science,100.0,73.9
1032,McNary Heights Elementary School,E,Umatilla School District in Collaboration with Umatilla-Morrow ESD will host a Regular/Migrant Summer School 7/6/15 to  8/14/15. We will be offering breakfast as well as lunch to support this program. ,English Language Arts,99.0,23.0
1032,McNary Heights Elementary School,E,Umatilla School District in Collaboration with Umatilla-Morrow ESD will host a Regular/Migrant Summer School 7/6/15 to  8/14/15. We will be offering breakfast as well as lunch to support this program. ,Mathematics,99.0,19.3
1032,McNary Heights Elementary School,E,Umatilla School District in Collaboration with Umatilla-Morrow ESD will host a Regular/Migrant Summer School 7/6/15 to  8/14/15. We will be offering breakfast as well as lunch to support this program. ,Science,99.0,36.8
772,McNary High School,H,Transition School/ Summer School.,English Language Arts,98.3,76.3
772,McNary High School,H,Transition School/ Summer School.,Mathematics,94.9,33.3
772,McNary High School,H,Transition School/ Summer School.,Science,98.7,48.6
1182,Meadow Park Middle School,M,None,English Language Arts,97.7,60.5
1182,Meadow Park Middle School,M,None,Mathematics,98.5,52.5
1182,Meadow Park Middle School,M,None,Science,None,5.0
1230,Memorial Elementary School,E,None,English Language Arts,97.4,65.9
1230,Memorial Elementary School,E,None,Mathematics,98.1,68.5
1230,Memorial Elementary School,E,None,Science,100.0,86.7
642,Memorial Middle School,M,None,English Language Arts,98.7,54.6
642,Memorial Middle School,M,None,Mathematics,98.5,41.9
642,Memorial Middle School,M,None,Science,97.8,68.7
476,Merrill Elementary School,E,Migrant school program,English Language Arts,100.0,62.3
476,Merrill Elementary School,E,Migrant school program,Mathematics,100.0,42.9
476,Merrill Elementary School,E,Migrant school program,Science,100.0,36.8
431,Metolius Elementary School,E,None,English Language Arts,100.0,34.6
431,Metolius Elementary School,E,None,Mathematics,100.0,23.5
431,Metolius Elementary School,E,None,Science,100.0,63.3
1140,Metzger Elementary School,E,Summer School Program Tigard City Library,English Language Arts,100.0,43.6
1140,Metzger Elementary School,E,Summer School Program Tigard City Library,Mathematics,100.0,42.5
1140,Metzger Elementary School,E,Summer School Program Tigard City Library,Science,100.0,62.7
363,Mid Valley Elementary School,E,Migrant School,English Language Arts,99.1,33.3
363,Mid Valley Elementary School,E,Migrant School,Mathematics,98.3,35.4
363,Mid Valley Elementary School,E,Migrant School,Science,100.0,63.0
197,Millicoma School,E,None,English Language Arts,99.6,43.4
197,Millicoma School,E,None,Mathematics,99.1,33.6
197,Millicoma School,E,None,Science,98.4,44.4
86,Milwaukie High School,H,High School Summer School,English Language Arts,97.3,61.6
86,Milwaukie High School,H,High School Summer School,Mathematics,98.4,14.6
86,Milwaukie High School,H,High School Summer School,Science,53.3,80.3
94,Molalla Elementary School,E,None,English Language Arts,98.5,35.7
94,Molalla Elementary School,E,None,Mathematics,99.0,39.0
94,Molalla Elementary School,E,None,Science,100.0,71.2
999,Monmouth Elementary School,E,None,English Language Arts,98.9,36.5
999,Monmouth Elementary School,E,None,Mathematics,97.0,37.5
999,Monmouth Elementary School,E,None,Science,98.8,56.1
1321,Monroe Grade School,E,None,English Language Arts,100.0,41.9
1321,Monroe Grade School,E,None,Mathematics,100.0,32.5
1321,Monroe Grade School,E,None,Science,100.0,81.3
1183,Mountain View Middle School,M,None,English Language Arts,99.2,51.8
1183,Mountain View Middle School,M,None,Mathematics,98.9,35.8
1183,Mountain View Middle School,M,None,Science,None,None
121,Mulino Elementary School,E,Head Start class schedule,English Language Arts,97.6,45.5
121,Mulino Elementary School,E,Head Start class schedule,Mathematics,97.6,37.4
121,Mulino Elementary School,E,Head Start class schedule,Science,100.0,66.7
290,Myrtle Creek Elementary School,E,Crafts games and summer school,English Language Arts,100.0,29.5
290,Myrtle Creek Elementary School,E,Crafts games and summer school,Mathematics,100.0,16.8
290,Myrtle Creek Elementary School,E,Crafts games and summer school,Science,100.0,47.9
796,Nellie Muir Elementary School,E,Summer School for migrant elementary students with Math & Reading from June 22 to July 17.,English Language Arts,100.0,15.9
796,Nellie Muir Elementary School,E,Summer School for migrant elementary students with Math & Reading from June 22 to July 17.,Mathematics,99.6,12.3
796,Nellie Muir Elementary School,E,Summer School for migrant elementary students with Math & Reading from June 22 to July 17.,Science,100.0,36.3
4004,New Urban High School,H,High School Summer School,English Language Arts,83.3,13.8
4004,New Urban High School,H,High School Summer School,Mathematics,None,5.0
4004,New Urban High School,H,High School Summer School,Science,44.4,12.5
1231,Newby Elementary School,E,None,English Language Arts,97.7,50.6
1231,Newby Elementary School,E,None,Mathematics,98.1,49.0
1231,Newby Elementary School,E,None,Science,100.0,73.0
625,Newport Intermediate School,E,Recreational activities includes arts and crafts as well as physical activities such as basketball. Some educational reading time.,English Language Arts,97.6,50.0
625,Newport Intermediate School,E,Recreational activities includes arts and crafts as well as physical activities such as basketball. Some educational reading time.,Mathematics,98.2,43.0
625,Newport Intermediate School,E,Recreational activities includes arts and crafts as well as physical activities such as basketball. Some educational reading time.,Science,97.7,63.0
205,North Bay Elementary School,E,None,English Language Arts,98.3,47.8
205,North Bay Elementary School,E,None,Mathematics,98.3,37.4
205,North Bay Elementary School,E,None,Science,100.0,62.2
208,North Bend Middle School,M,None,English Language Arts,98.6,39.0
208,North Bend Middle School,M,None,Mathematics,97.5,26.3
208,North Bend Middle School,M,None,Science,98.0,42.3
209,North Bend Senior High School,H,None,English Language Arts,93.1,54.7
209,North Bend Senior High School,H,None,Mathematics,89.9,19.6
209,North Bend Senior High School,H,None,Science,100.0,66.4
296,North Douglas Elementary School,E,Summer School and Extended School Year Programs at the site(s).,English Language Arts,98.6,41.5
296,North Douglas Elementary School,E,Summer School and Extended School Year Programs at the site(s).,Mathematics,97.9,41.1
296,North Douglas Elementary School,E,Summer School and Extended School Year Programs at the site(s).,Science,100.0,63.8
536,North Eugene High School,H,None,English Language Arts,94.4,83.2
536,North Eugene High School,H,None,Mathematics,85.9,34.4
536,North Eugene High School,H,None,Science,76.6,50.6
424,North Medford High School,H,Continued education curriculum,English Language Arts,97.5,64.2
424,North Medford High School,H,Continued education curriculum,Mathematics,96.4,30.7
424,North Medford High School,H,Continued education curriculum,Science,98.9,63.9
773,North Salem High School,H,Migrant 9-12/ Transition Middle and High Summer School.,English Language Arts,94.3,56.1
773,North Salem High School,H,Migrant 9-12/ Transition Middle and High Summer School.,Mathematics,94.3,24.4
773,North Salem High School,H,Migrant 9-12/ Transition Middle and High Summer School.,Science,97.3,30.0
457,North Valley High School,H,None,English Language Arts,94.2,74.0
457,North Valley High School,H,None,Mathematics,93.5,23.8
457,North Valley High School,H,None,Science,94.2,55.0
457,North Valley High School,H,None,English Language Arts,94.2,74.0
457,North Valley High School,H,None,Mathematics,93.5,23.8
457,North Valley High School,H,None,Science,94.2,55.0
702,Nyssa Elementary School,E,None,English Language Arts,100.0,39.5
702,Nyssa Elementary School,E,None,Mathematics,100.0,34.4
702,Nyssa Elementary School,E,None,Science,100.0,72.5
703,Nyssa Middle School,M,Summer school classes for students.,English Language Arts,100.0,40.7
703,Nyssa Middle School,M,Summer school classes for students.,Mathematics,100.0,23.6
703,Nyssa Middle School,M,Summer school classes for students.,Science,100.0,59.8
3342,Oak Grove Elementary,E,A Title I summer school program will be offered at this site.,English Language Arts,98.6,39.5
3342,Oak Grove Elementary,E,A Title I summer school program will be offered at this site.,Mathematics,97.2,29.1
3342,Oak Grove Elementary,E,A Title I summer school program will be offered at this site.,Science,98.4,52.5
666,Oak Heights Elementary School,E,None,English Language Arts,99.3,41.9
666,Oak Heights Elementary School,E,None,Mathematics,99.3,25.0
666,Oak Heights Elementary School,E,None,Science,97.4,59.5
221,Ochoco Elementary School,E,Kids Club - Crafts Sports Enrichment / Summer School  Sibling 1-18 welcome,English Language Arts,96.9,35.5
221,Ochoco Elementary School,E,Kids Club - Crafts Sports Enrichment / Summer School  Sibling 1-18 welcome,Mathematics,97.5,28.8
221,Ochoco Elementary School,E,Kids Club - Crafts Sports Enrichment / Summer School  Sibling 1-18 welcome,Science,95.3,70.7
699,Ontario High School,H,Summer School ,English Language Arts,98.7,45.0
699,Ontario High School,H,Summer School ,Mathematics,98.1,13.9
699,Ontario High School,H,Summer School ,Science,100.0,46.4
698,Ontario Middle School,M,Summer School for Migrants will be happening from 7:30-2:45p.m.,English Language Arts,99.7,42.2
698,Ontario Middle School,M,Summer School for Migrants will be happening from 7:30-2:45p.m.,Mathematics,98.8,27.8
698,Ontario Middle School,M,Summer School for Migrants will be happening from 7:30-2:45p.m.,Science,100.0,45.8
963,Parklane Elementary School,E,  El Programo Hispano SUN program,English Language Arts,98.5,28.5
963,Parklane Elementary School,E,  El Programo Hispano SUN program,Mathematics,98.1,20.6
963,Parklane Elementary School,E,  El Programo Hispano SUN program,Science,100.0,20.4
963,Parklane Elementary School,E,Arts and Crafts Science Sports and Academic,English Language Arts,98.5,28.5
963,Parklane Elementary School,E,Arts and Crafts Science Sports and Academic,Mathematics,98.1,20.6
963,Parklane Elementary School,E,Arts and Crafts Science Sports and Academic,Science,100.0,20.4
931,Parkrose High School,H,Sun School/Activities summer school athletic camps,English Language Arts,96.1,52.1
931,Parkrose High School,H,Sun School/Activities summer school athletic camps,Mathematics,94.6,14.6
931,Parkrose High School,H,Sun School/Activities summer school athletic camps,Science,100.0,43.7
1233,Patton Middle School,M,None,English Language Arts,96.8,57.0
1233,Patton Middle School,M,None,Mathematics,96.0,40.7
1233,Patton Middle School,M,None,Science,98.1,71.9
477,Peterson Elementary School,E,Camp Invention activities,English Language Arts,100.0,47.1
477,Peterson Elementary School,E,Camp Invention activities,Mathematics,100.0,40.1
477,Peterson Elementary School,E,Camp Invention activities,Science,100.0,52.6
371,Phoenix Elementary School,E,None,English Language Arts,99.4,39.1
371,Phoenix Elementary School,E,None,Mathematics,98.9,27.7
371,Phoenix Elementary School,E,None,Science,100.0,38.8
374,Phoenix High School,H,None,English Language Arts,99.4,66.5
374,Phoenix High School,H,None,Mathematics,99.4,44.1
374,Phoenix High School,H,None,Science,99.4,52.3
4391,Phoenix School,H,Summer School Kids Camps,English Language Arts,81.1,39.5
4391,Phoenix School,H,Summer School Kids Camps,Mathematics,77.4,9.8
4391,Phoenix School,H,Summer School Kids Camps,Science,47.2,48.0
3349,Prairie City School,H,Arts and crafts science activities and games ,English Language Arts,98.6,47.8
3349,Prairie City School,H,Arts and crafts science activities and games ,Mathematics,98.6,39.1
3349,Prairie City School,H,Arts and crafts science activities and games ,Science,96.4,70.4
3567,Prairie Mountain School,E,A reading and writing focused summer school will be onsite,English Language Arts,98.6,46.8
3567,Prairie Mountain School,E,A reading and writing focused summer school will be onsite,Mathematics,98.4,37.7
3567,Prairie Mountain School,E,A reading and writing focused summer school will be onsite,Science,100.0,59.0
925,Prescott Elementary School,E,Sun program and kindergarten readiness.,English Language Arts,97.4,37.2
925,Prescott Elementary School,E,Sun program and kindergarten readiness.,Mathematics,96.9,31.6
925,Prescott Elementary School,E,Sun program and kindergarten readiness.,Science,100.0,56.4
263,Redmond High School,H,Camp 9-program for incoming Freshman to strengthen the transition to high school.   ,English Language Arts,95.8,67.0
263,Redmond High School,H,Camp 9-program for incoming Freshman to strengthen the transition to high school.   ,Mathematics,94.1,18.5
263,Redmond High School,H,Camp 9-program for incoming Freshman to strengthen the transition to high school.   ,Science,99.6,56.3
1149,Reedville Elementary School,E,None,English Language Arts,100.0,22.6
1149,Reedville Elementary School,E,None,Mathematics,100.0,20.9
1149,Reedville Elementary School,E,None,Science,100.0,31.4
957,Reynolds High School,H,21st Century Grant Academics and Activities including  9th Grade counts; Early English Language Learners and   Each group does Friday field trips.  Space Limited and security issues make closed campus a must.,English Language Arts,97.6,48.8
957,Reynolds High School,H,21st Century Grant Academics and Activities including  9th Grade counts; Early English Language Learners and   Each group does Friday field trips.  Space Limited and security issues make closed campus a must.,Mathematics,96.2,16.4
957,Reynolds High School,H,21st Century Grant Academics and Activities including  9th Grade counts; Early English Language Learners and   Each group does Friday field trips.  Space Limited and security issues make closed campus a must.,Science,79.9,65.2
1254,Reynolds Middle School,M,Metropolitan Family Services (SUN) will be running a program from 7/13-8/6 (registration required) with reading readiness and activities. Early Kindergarten Transition will be participating (EKT)as well.  Lunch only from 6/22 -7/10.,English Language Arts,96.2,30.3
1254,Reynolds Middle School,M,Metropolitan Family Services (SUN) will be running a program from 7/13-8/6 (registration required) with reading readiness and activities. Early Kindergarten Transition will be participating (EKT)as well.  Lunch only from 6/22 -7/10.,Mathematics,97.4,20.6
1254,Reynolds Middle School,M,Metropolitan Family Services (SUN) will be running a program from 7/13-8/6 (registration required) with reading readiness and activities. Early Kindergarten Transition will be participating (EKT)as well.  Lunch only from 6/22 -7/10.,Science,97.6,46.0
304,Riddle Elementary School,E,Crafts and summer school,English Language Arts,98.1,35.8
304,Riddle Elementary School,E,Crafts and summer school,Mathematics,97.2,25.7
304,Riddle Elementary School,E,Crafts and summer school,Science,90.9,56.7
5058,Ridgeview High School,H,Camp 9-program designed to strengthen transition to High School for incoming freshman.,English Language Arts,94.5,72.1
5058,Ridgeview High School,H,Camp 9-program designed to strengthen transition to High School for incoming freshman.,Mathematics,93.6,26.5
5058,Ridgeview High School,H,Camp 9-program designed to strengthen transition to High School for incoming freshman.,Science,94.6,57.1
884,Rigler Elementary School,E,Reading writing art and physical recreation activities,English Language Arts,98.2,32.0
884,Rigler Elementary School,E,Reading writing art and physical recreation activities,Mathematics,97.7,18.8
884,Rigler Elementary School,E,Reading writing art and physical recreation activities,Science,100.0,26.4
231,Riley Creek Elementary School,E,School Athletic Events Community Events etc.  ,English Language Arts,100.0,52.4
231,Riley Creek Elementary School,E,School Athletic Events Community Events etc.  ,Mathematics,98.9,29.0
231,Riley Creek Elementary School,E,School Athletic Events Community Events etc.  ,Science,98.4,74.6
525,River Road/El Camino del Rio Elementary School,E,None,English Language Arts,93.6,38.6
525,River Road/El Camino del Rio Elementary School,E,None,Mathematics,93.6,29.0
525,River Road/El Camino del Rio Elementary School,E,None,Science,95.7,61.4
1352,Riverbend Elementary School,E,None,English Language Arts,99.1,37.0
1352,Riverbend Elementary School,E,None,Mathematics,98.6,28.4
1352,Riverbend Elementary School,E,None,Science,98.6,35.7
820,Riverside Junior/Senior High School,H,Credit recovery; Math Language Arts & Social Studies instruction; Home Ec; Robotics; Fitness; Arts & Crafts,English Language Arts,98.3,43.5
820,Riverside Junior/Senior High School,H,Credit recovery; Math Language Arts & Social Studies instruction; Home Ec; Robotics; Fitness; Arts & Crafts,Mathematics,98.9,17.0
820,Riverside Junior/Senior High School,H,Credit recovery; Math Language Arts & Social Studies instruction; Home Ec; Robotics; Fitness; Arts & Crafts,Science,98.2,49.1
716,Robert Frost Elementary School,E,Public School,English Language Arts,99.7,59.6
716,Robert Frost Elementary School,E,Public School,Mathematics,100.0,42.7
716,Robert Frost Elementary School,E,Public School,Science,100.0,69.2
1036,Rocky Heights Elementary School,E,Summer Kids Camp  games sports arts and crafts,English Language Arts,100.0,50.6
1036,Rocky Heights Elementary School,E,Summer Kids Camp  games sports arts and crafts,Mathematics,100.0,51.4
1036,Rocky Heights Elementary School,E,Summer Kids Camp  games sports arts and crafts,Science,100.0,57.6
399,Rogue River Elementary School,E,None,English Language Arts,98.6,29.6
399,Rogue River Elementary School,E,None,Mathematics,99.5,24.2
399,Rogue River Elementary School,E,None,Science,97.8,75.0
4232,Ron Russell Middle School,M,Sun School,English Language Arts,99.1,56.6
4232,Ron Russell Middle School,M,Sun School,Mathematics,99.5,38.9
4232,Ron Russell Middle School,M,Sun School,Science,99.6,58.8
417,Roosevelt Elementary School,E,continued education curriculum Migrant Education Site,English Language Arts,100.0,47.2
417,Roosevelt Elementary School,E,continued education curriculum Migrant Education Site,Mathematics,100.0,41.7
417,Roosevelt Elementary School,E,continued education curriculum Migrant Education Site,Science,100.0,65.5
918,Roosevelt High School,H,Reading math science technology art crafts and physical activities.,English Language Arts,82.2,23.7
918,Roosevelt High School,H,Reading math science technology art crafts and physical activities.,Mathematics,83.2,10.8
918,Roosevelt High School,H,Reading math science technology art crafts and physical activities.,Science,86.4,8.2
280,Roseburg High School,H,Extended School Year.,English Language Arts,97.7,74.3
280,Roseburg High School,H,Extended School Year.,Mathematics,97.2,30.6
280,Roseburg High School,H,Extended School Year.,Science,99.7,46.9
926,Russell Elementary,E,Boys and girls club and kindergarten readiness,English Language Arts,99.6,48.9
926,Russell Elementary,E,Boys and girls club and kindergarten readiness,Mathematics,99.6,41.8
926,Russell Elementary,E,Boys and girls club and kindergarten readiness,Science,100.0,59.2
256,Sage Elementary School,E,Summer enrichment program for migrant students.,English Language Arts,99.3,47.9
256,Sage Elementary School,E,Summer enrichment program for migrant students.,Mathematics,97.6,43.2
256,Sage Elementary School,E,Summer enrichment program for migrant students.,Science,100.0,72.7
3989,Salish Ponds Elementary School,E,Metropolitan Family Services (SUN) will be running a program from 7/13-8/6 (registration required) with reading readiness and activities. Early Kindergarten Transition will be participating (EKT)as well.  Lunch only from 6/22 -7/10.,English Language Arts,99.1,25.3
3989,Salish Ponds Elementary School,E,Metropolitan Family Services (SUN) will be running a program from 7/13-8/6 (registration required) with reading readiness and activities. Early Kindergarten Transition will be participating (EKT)as well.  Lunch only from 6/22 -7/10.,Mathematics,98.2,23.3
3989,Salish Ponds Elementary School,E,Metropolitan Family Services (SUN) will be running a program from 7/13-8/6 (registration required) with reading readiness and activities. Early Kindergarten Transition will be participating (EKT)as well.  Lunch only from 6/22 -7/10.,Science,100.0,31.7
814,Sam Boardman Elementary School,E,Summer school/reading writing and math instruction on a daily basis in a classroom setting.,English Language Arts,100.0,33.3
814,Sam Boardman Elementary School,E,Summer school/reading writing and math instruction on a daily basis in a classroom setting.,Mathematics,100.0,28.0
683,Santiam Junior/Senior High School,H,Summer Credit Recovery may be offered. One week of service will be Missoula Children's Theatre and one week will be VBS (Vacation Bible School).  We will also have 1st Books giveaways.,English Language Arts,96.0,37.2
683,Santiam Junior/Senior High School,H,Summer Credit Recovery may be offered. One week of service will be Missoula Children's Theatre and one week will be VBS (Vacation Bible School).  We will also have 1st Books giveaways.,Mathematics,97.6,19.5
683,Santiam Junior/Senior High School,H,Summer Credit Recovery may be offered. One week of service will be Missoula Children's Theatre and one week will be VBS (Vacation Bible School).  We will also have 1st Books giveaways.,Science,98.8,57.3
388,Scenic Middle School,M,School District sponsored Migrant program.  It is scheduled daily classes for a targeted group of students.,English Language Arts,99.4,58.3
388,Scenic Middle School,M,School District sponsored Migrant program.  It is scheduled daily classes for a targeted group of students.,Mathematics,99.0,44.1
388,Scenic Middle School,M,School District sponsored Migrant program.  It is scheduled daily classes for a targeted group of students.,Science,100.0,74.6
887,Scott Elementary School,E,reading art crafts physical recreation activities,English Language Arts,94.6,26.1
887,Scott Elementary School,E,reading art crafts physical recreation activities,Mathematics,82.7,12.6
887,Scott Elementary School,E,reading art crafts physical recreation activities,Science,100.0,29.4
785,Scotts Mills Elementary School,E,Public School,English Language Arts,95.5,66.7
785,Scotts Mills Elementary School,E,Public School,Mathematics,94.3,43.4
785,Scotts Mills Elementary School,E,Public School,Science,97.1,61.8
152,Seaside Heights Elementary School,E,The activity is not sponsored by the School District; however the local Parks and Recreation District rents part of the facility for a daily summer program.,English Language Arts,99.5,46.3
152,Seaside Heights Elementary School,E,The activity is not sponsored by the School District; however the local Parks and Recreation District rents part of the facility for a daily summer program.,Mathematics,99.5,32.1
152,Seaside Heights Elementary School,E,The activity is not sponsored by the School District; however the local Parks and Recreation District rents part of the facility for a daily summer program.,Science,100.0,54.0
393,Shady Cove School,E,Shady Cove Summer School enrolled program for students focusing on math and reading Upper Rogue Youth Activities Program housed at the community center. Theatre Day Camp at Shady Cove School as well as Robotics Day camp will also be housed at the community center shall all participate with their meals at Shady Cove Open Site.,English Language Arts,100.0,32.9
393,Shady Cove School,E,Shady Cove Summer School enrolled program for students focusing on math and reading Upper Rogue Youth Activities Program housed at the community center. Theatre Day Camp at Shady Cove School as well as Robotics Day camp will also be housed at the community center shall all participate with their meals at Shady Cove Open Site.,Mathematics,100.0,23.3
393,Shady Cove School,E,Shady Cove Summer School enrolled program for students focusing on math and reading Upper Rogue Youth Activities Program housed at the community center. Theatre Day Camp at Shady Cove School as well as Robotics Day camp will also be housed at the community center shall all participate with their meals at Shady Cove Open Site.,Science,97.7,58.1
478,Shasta Elementary School,E,summer school at Falcon Heights plus open site,English Language Arts,99.7,44.1
478,Shasta Elementary School,E,summer school at Falcon Heights plus open site,Mathematics,100.0,41.2
478,Shasta Elementary School,E,summer school at Falcon Heights plus open site,Science,100.0,64.7
928,Shaver Elementary School,E,Boys and girls club and kindergarten readiness.,English Language Arts,98.7,30.3
928,Shaver Elementary School,E,Boys and girls club and kindergarten readiness.,Mathematics,99.4,26.8
928,Shaver Elementary School,E,Boys and girls club and kindergarten readiness.,Science,100.0,33.3
538,Sheldon High School,H,None,English Language Arts,91.3,89.0
538,Sheldon High School,H,None,Mathematics,73.8,55.1
538,Sheldon High School,H,None,Science,99.4,68.1
4038,Siletz Valley Schools,E,None,English Language Arts,100.0,26.0
4038,Siletz Valley Schools,E,None,Mathematics,100.0,19.8
4038,Siletz Valley Schools,E,None,Science,100.0,43.3
889,Sitton Elementary School,E,Reading art crafts and physical recreation activities,English Language Arts,98.9,27.5
889,Sitton Elementary School,E,Reading art crafts and physical recreation activities,Mathematics,98.9,21.0
889,Sitton Elementary School,E,Reading art crafts and physical recreation activities,Science,100.0,37.0
609,Siuslaw Elementary School,E,Boys & Girls Club possible summer school,English Language Arts,98.8,43.4
609,Siuslaw Elementary School,E,Boys & Girls Club possible summer school,Mathematics,99.1,38.2
609,Siuslaw Elementary School,E,Boys & Girls Club possible summer school,Science,100.0,68.3
650,South Albany High School,H,None,English Language Arts,99.0,50.2
650,South Albany High School,H,None,Mathematics,99.4,19.8
650,South Albany High School,H,None,Science,99.7,59.4
539,South Eugene High School,H,None,English Language Arts,56.6,91.9
539,South Eugene High School,H,None,Mathematics,42.2,70.2
539,South Eugene High School,H,None,Science,76.0,87.2
423,South Medford High School,H,Continued education curriculum,English Language Arts,92.3,52.9
423,South Medford High School,H,Continued education curriculum,Mathematics,97.7,24.6
423,South Medford High School,H,Continued education curriculum,Science,98.2,72.6
2783,Southridge High School,H,None,English Language Arts,97.3,85.8
2783,Southridge High School,H,None,Mathematics,97.5,57.6
2783,Southridge High School,H,None,Science,2.2,55.6
529,Spring Creek Elementary School,E,None,English Language Arts,99.4,45.2
529,Spring Creek Elementary School,E,None,Mathematics,99.4,30.6
529,Spring Creek Elementary School,E,None,Science,100.0,71.7
793,St Marys Public School,E,None,English Language Arts,100.0,42.2
793,St Marys Public School,E,None,Mathematics,100.0,33.7
793,St Marys Public School,E,None,Science,100.0,50.0
479,Stearns Elementary School,E,summer school; plus open site,English Language Arts,100.0,32.5
479,Stearns Elementary School,E,summer school; plus open site,Mathematics,100.0,28.4
479,Stearns Elementary School,E,summer school; plus open site,Science,100.0,33.3
1082,Stella Mayfield Elementary School,E,summer school swimming lessons right across the ball field.....,English Language Arts,98.2,31.7
1082,Stella Mayfield Elementary School,E,summer school swimming lessons right across the ball field.....,Mathematics,98.2,25.0
1082,Stella Mayfield Elementary School,E,summer school swimming lessons right across the ball field.....,Science,98.1,72.5
1331,Stephens Middle School,M,Summer Academy offered for enrolled students,English Language Arts,99.8,46.0
1331,Stephens Middle School,M,Summer Academy offered for enrolled students,Mathematics,99.1,31.0
1331,Stephens Middle School,M,Summer Academy offered for enrolled students,Science,100.0,51.7
4639,Sue Buel Elementary,E,None,English Language Arts,99.2,47.8
4639,Sue Buel Elementary,E,None,Mathematics,99.2,35.5
4639,Sue Buel Elementary,E,None,Science,100.0,83.5
276,Sunnyslope Elementary School,E,None,English Language Arts,100.0,19.0
276,Sunnyslope Elementary School,E,None,Mathematics,100.0,22.5
276,Sunnyslope Elementary School,E,None,Science,100.0,64.7
644,Sunrise Elementary School,E,None,English Language Arts,99.4,39.8
644,Sunrise Elementary School,E,None,Mathematics,98.8,36.5
644,Sunrise Elementary School,E,None,Science,100.0,44.7
1188,Sunset High School,H,None,English Language Arts,83.5,77.7
1188,Sunset High School,H,None,Mathematics,83.5,58.7
1188,Sunset High School,H,None,Science,93.6,85.3
669,Sweet Home High School,H,None,English Language Arts,93.8,62.4
669,Sweet Home High School,H,None,Mathematics,95.9,18.4
669,Sweet Home High School,H,None,Science,None,95.0
762,Swegle Elementary School,E,programming in three core areas-academic success character & leadership and healthy lifestyles including physical ed sports,English Language Arts,97.9,26.0
762,Swegle Elementary School,E,programming in three core areas-academic success character & leadership and healthy lifestyles including physical ed sports,Mathematics,95.9,19.2
762,Swegle Elementary School,E,programming in three core areas-academic success character & leadership and healthy lifestyles including physical ed sports,Science,100.0,27.5
394,Table Rock Elementary,E,Kids Unlimited has games sports educational and physical activities daily. Kinder academy will be running in August 2015.,English Language Arts,100.0,33.0
394,Table Rock Elementary,E,Kids Unlimited has games sports educational and physical activities daily. Kinder academy will be running in August 2015.,Mathematics,100.0,25.2
394,Table Rock Elementary,E,Kids Unlimited has games sports educational and physical activities daily. Kinder academy will be running in August 2015.,Science,97.6,43.8
620,Taft Elementary School,E,Recreational activities includes arts and crafts as well as physical activities such as basketball. Some educational reading time & Science. ,English Language Arts,98.5,33.1
620,Taft Elementary School,E,Recreational activities includes arts and crafts as well as physical activities such as basketball. Some educational reading time & Science. ,Mathematics,97.4,31.2
620,Taft Elementary School,E,Recreational activities includes arts and crafts as well as physical activities such as basketball. Some educational reading time & Science. ,Science,98.4,46.7
647,Takena Elementary School,E,None,English Language Arts,98.9,54.3
647,Takena Elementary School,E,None,Mathematics,98.9,44.0
647,Takena Elementary School,E,None,Science,100.0,52.6
372,Talent Elementary School,E,Crafts & Group Activities Boys & Girls Club,English Language Arts,88.2,45.2
372,Talent Elementary School,E,Crafts & Group Activities Boys & Girls Club,Mathematics,98.8,32.7
372,Talent Elementary School,E,Crafts & Group Activities Boys & Girls Club,Science,100.0,58.1
1001,Talmadge Middle School,M,None,English Language Arts,98.0,48.1
1001,Talmadge Middle School,M,None,Mathematics,98.5,33.2
1001,Talmadge Middle School,M,None,Science,95.6,66.0
1100,The Dalles Middle School,M,None,English Language Arts,97.4,44.0
1100,The Dalles Middle School,M,None,Mathematics,97.0,28.2
1100,The Dalles Middle School,M,None,Science,99.5,70.3
1017,Tillamook High School,H,summer credit recovery program special ed program band camp,English Language Arts,94.5,71.2
1017,Tillamook High School,H,summer credit recovery program special ed program band camp,Mathematics,93.8,28.5
1017,Tillamook High School,H,summer credit recovery program special ed program band camp,Science,97.5,55.8
1016,Tillamook Junior High School,M,Camp 1: Tending community garden. Summer School: ELL Students,English Language Arts,98.9,43.6
1016,Tillamook Junior High School,M,Camp 1: Tending community garden. Summer School: ELL Students,Mathematics,99.3,35.0
1016,Tillamook Junior High School,M,Camp 1: Tending community garden. Summer School: ELL Students,Science,99.3,48.6
1016,Tillamook Junior High School,M,Summer School migrant education,English Language Arts,98.9,43.6
1016,Tillamook Junior High School,M,Summer School migrant education,Mathematics,99.3,35.0
1016,Tillamook Junior High School,M,Summer School migrant education,Science,99.3,48.6
292,Tri City Elementary School,E,crafts/games/summer school,English Language Arts,100.0,33.6
292,Tri City Elementary School,E,crafts/games/summer school,Mathematics,100.0,22.1
292,Tri City Elementary School,E,crafts/games/summer school,Science,100.0,67.5
1143,Tualatin Elementary School,E,Summer School activities,English Language Arts,99.6,68.8
1143,Tualatin Elementary School,E,Summer School activities,Mathematics,98.9,58.5
1143,Tualatin Elementary School,E,Summer School activities,Science,100.0,89.2
1301,Tualatin High School,H,Summer School,English Language Arts,96.5,80.8
1301,Tualatin High School,H,Summer School,Mathematics,97.1,57.1
1301,Tualatin High School,H,Summer School,Science,99.8,71.7
790,Turner Elementary School,E,A summer school enrichment program focusing on reading and math activities.,English Language Arts,98.4,50.8
790,Turner Elementary School,E,A summer school enrichment program focusing on reading and math activities.,Mathematics,98.4,41.9
790,Turner Elementary School,E,A summer school enrichment program focusing on reading and math activities.,Science,97.1,81.8
5059,Two Rivers Dos Rios Elementary,E,Migrant Education program Summer School- not a migrant site just using the school -- closed to the public,English Language Arts,99.5,34.7
5059,Two Rivers Dos Rios Elementary,E,Migrant Education program Summer School- not a migrant site just using the school -- closed to the public,Mathematics,99.0,29.7
5059,Two Rivers Dos Rios Elementary,E,Migrant Education program Summer School- not a migrant site just using the school -- closed to the public,Science,100.0,37.9
1033,Umatilla High School,H,Summer School ,English Language Arts,94.7,60.7
1033,Umatilla High School,H,Summer School ,Mathematics,91.5,10.5
1033,Umatilla High School,H,Summer School ,Science,83.0,67.9
978,Ventura Park Elementary School,E,Portland Parks Arts Crafts and Games,English Language Arts,98.3,46.6
978,Ventura Park Elementary School,E,Portland Parks Arts Crafts and Games,Mathematics,98.8,29.7
978,Ventura Park Elementary School,E,Portland Parks Arts Crafts and Games,Science,100.0,43.9
978,Ventura Park Elementary School,E,Jump Start program for Kinders & Sun School,English Language Arts,98.3,46.6
978,Ventura Park Elementary School,E,Jump Start program for Kinders & Sun School,Mathematics,98.8,29.7
978,Ventura Park Elementary School,E,Jump Start program for Kinders & Sun School,Science,100.0,43.9
895,Vernon Elementary School,E,gardening reading art crafts and physical recreation activities,English Language Arts,79.7,39.1
895,Vernon Elementary School,E,gardening reading art crafts and physical recreation activities,Mathematics,80.7,36.8
895,Vernon Elementary School,E,gardening reading art crafts and physical recreation activities,Science,80.3,38.6
4396,Vernonia Middle School,M,During summer months various sports camps and othe activities occur. Summer meals will be served at this site when these activities are taking place. ,English Language Arts,98.4,35.5
4396,Vernonia Middle School,M,During summer months various sports camps and othe activities occur. Summer meals will be served at this site when these activities are taking place. ,Mathematics,100.0,24.4
4396,Vernonia Middle School,M,During summer months various sports camps and othe activities occur. Summer meals will be served at this site when these activities are taking place. ,Science,100.0,58.8
896,Vestal Elementary School,E,Enrichment activities such as reading writing sports games gardening arts and crafts. ,English Language Arts,96.7,43.5
896,Vestal Elementary School,E,Enrichment activities such as reading writing sports games gardening arts and crafts. ,Mathematics,95.9,38.3
896,Vestal Elementary School,E,Enrichment activities such as reading writing sports games gardening arts and crafts. ,Science,97.6,55.0
1177,Vose Elementary School,E,THPRD Rec Mobile crafts sports  OSU snack attack,English Language Arts,100.0,42.4
1177,Vose Elementary School,E,THPRD Rec Mobile crafts sports  OSU snack attack,Mathematics,99.7,43.1
1177,Vose Elementary School,E,THPRD Rec Mobile crafts sports  OSU snack attack,Science,100.0,44.0
1114,W Verne McKinney Elementary School,E,The computer lab will be open for online reading and other interactive games.  The school library will also be available for children to check out books.,English Language Arts,100.0,50.8
1114,W Verne McKinney Elementary School,E,The computer lab will be open for online reading and other interactive games.  The school library will also be available for children to check out books.,Mathematics,100.0,37.5
1114,W Verne McKinney Elementary School,E,The computer lab will be open for online reading and other interactive games.  The school library will also be available for children to check out books.,Science,100.0,62.9
768,Waldo Middle School,M,Summer Academy offered for enrolled students,English Language Arts,98.1,33.4
768,Waldo Middle School,M,Summer Academy offered for enrolled students,Mathematics,98.6,21.7
768,Waldo Middle School,M,Summer Academy offered for enrolled students,Science,98.4,39.8
379,Walker Elementary School,E,Summer School Emergency services personnel visits Science Works daily activity table,English Language Arts,100.0,64.5
379,Walker Elementary School,E,Summer School Emergency services personnel visits Science Works daily activity table,Mathematics,100.0,60.9
379,Walker Elementary School,E,Summer School Emergency services personnel visits Science Works daily activity table,Science,100.0,78.2
432,Warm Springs K8 Academy,E,K-1 Summer Program,English Language Arts,97.8,9.8
432,Warm Springs K8 Academy,E,K-1 Summer Program,Mathematics,97.4,9.3
432,Warm Springs K8 Academy,E,K-1 Summer Program,Science,100.0,20.7
156,Warrenton Grade School,E,Summer pre-school.,English Language Arts,99.5,46.2
156,Warrenton Grade School,E,Summer pre-school.,Mathematics,99.3,36.9
156,Warrenton Grade School,E,Summer pre-school.,Science,99.2,65.1
1232,Wascher Elementary School,E,None,English Language Arts,96.3,49.4
1232,Wascher Elementary School,E,None,Mathematics,96.3,41.7
1232,Wascher Elementary School,E,None,Science,98.4,69.8
419,Washington Elementary School,E,Continued education curriculum - Migrant Ed. Site,English Language Arts,98.6,30.6
419,Washington Elementary School,E,Continued education curriculum - Migrant Ed. Site,Mathematics,99.5,17.2
419,Washington Elementary School,E,Continued education curriculum - Migrant Ed. Site,Science,100.0,63.3
797,Washington Elementary School,E,Jump Start Program for incoming Kinder students.,English Language Arts,100.0,18.6
797,Washington Elementary School,E,Jump Start Program for incoming Kinder students.,Mathematics,100.0,18.6
797,Washington Elementary School,E,Jump Start Program for incoming Kinder students.,Science,100.0,30.8
648,Waverly Elementary School,E,None,English Language Arts,100.0,33.3
648,Waverly Elementary School,E,None,Mathematics,97.8,34.1
648,Waverly Elementary School,E,None,Science,100.0,48.3
979,West Powellhurst Elementary School,E,Sun Program,English Language Arts,99.5,44.0
979,West Powellhurst Elementary School,E,Sun Program,Mathematics,99.0,38.5
979,West Powellhurst Elementary School,E,Sun Program,Science,100.0,44.1
320,West Sutherlin Intermediate,E,Summer school program,English Language Arts,99.3,51.9
320,West Sutherlin Intermediate,E,Summer school program,Mathematics,100.0,37.2
320,West Sutherlin Intermediate,E,Summer school program,Science,100.0,65.0
1320,Westview High School,H,None,English Language Arts,96.5,82.5
1320,Westview High School,H,None,Mathematics,96.8,50.3
1320,Westview High School,H,None,Science,3.0,63.2
72,Whitcomb Elementary School,E,Metropolitan Family Services intructional and enrichment programs,English Language Arts,99.1,28.1
72,Whitcomb Elementary School,E,Metropolitan Family Services intructional and enrichment programs,Mathematics,99.1,18.0
72,Whitcomb Elementary School,E,Metropolitan Family Services intructional and enrichment programs,Science,100.0,45.2
4021,White Mountain Middle School,M,White Mountain Middle School and Upper Table Rock Elementary enrichment summer camp as well as open site. ,English Language Arts,99.7,46.9
4021,White Mountain Middle School,M,White Mountain Middle School and Upper Table Rock Elementary enrichment summer camp as well as open site. ,Mathematics,99.7,22.3
4021,White Mountain Middle School,M,White Mountain Middle School and Upper Table Rock Elementary enrichment summer camp as well as open site. ,Science,99.2,56.9
770,Whiteaker Middle School,M,Fire&Police Department is having a lot of activities expecting up to 250 kids.,English Language Arts,99.6,67.4
770,Whiteaker Middle School,M,Fire&Police Department is having a lot of activities expecting up to 250 kids.,Mathematics,99.1,54.0
770,Whiteaker Middle School,M,Fire&Police Department is having a lot of activities expecting up to 250 kids.,Science,100.0,73.2
1185,Whitford Middle School,M,None,English Language Arts,96.9,53.4
1185,Whitford Middle School,M,None,Mathematics,93.9,42.0
1185,Whitford Middle School,M,None,Science,None,5.0
900,Whitman Elementary School,E,reading art crafts garden and physical recreation activities,English Language Arts,100.0,37.7
900,Whitman Elementary School,E,reading art crafts garden and physical recreation activities,Mathematics,100.0,22.2
900,Whitman Elementary School,E,reading art crafts garden and physical recreation activities,Science,100.0,44.3
993,Whitworth Elementary School,E,None,English Language Arts,99.5,49.7
993,Whitworth Elementary School,E,None,Mathematics,99.7,41.5
993,Whitworth Elementary School,E,None,Science,100.0,74.0
952,Wilkes Elementary School,E,Metropolitan Family Services (SUN) will be running a program from 7/13-8/6 (registration required) with reading readiness and activities. Early Kindergarten Transition will be participating (EKT)as well.  Lunch only from 6/22 -7/10.,English Language Arts,99.5,24.8
952,Wilkes Elementary School,E,Metropolitan Family Services (SUN) will be running a program from 7/13-8/6 (registration required) with reading readiness and activities. Early Kindergarten Transition will be participating (EKT)as well.  Lunch only from 6/22 -7/10.,Mathematics,99.5,16.4
952,Wilkes Elementary School,E,Metropolitan Family Services (SUN) will be running a program from 7/13-8/6 (registration required) with reading readiness and activities. Early Kindergarten Transition will be participating (EKT)as well.  Lunch only from 6/22 -7/10.,Science,100.0,39.0
588,Willamette High School,H,Students participating in preseason team training and band camp,English Language Arts,97.8,64.4
588,Willamette High School,H,Students participating in preseason team training and band camp,Mathematics,97.2,31.8
588,Willamette High School,H,Students participating in preseason team training and band camp,Science,99.7,65.8
1224,Willamina Elementary School,E,Summer School Program,English Language Arts,95.9,24.8
1224,Willamina Elementary School,E,Summer School Program,Mathematics,94.7,19.9
1224,Willamina Elementary School,E,Summer School Program,Science,100.0,54.5
122,William Knight Elementary School,E,None,English Language Arts,96.7,53.7
122,William Knight Elementary School,E,None,Mathematics,93.3,48.5
122,William Knight Elementary School,E,None,Science,98.1,72.5
1179,William Walker Elementary School,E,None,English Language Arts,99.6,39.4
1179,William Walker Elementary School,E,None,Mathematics,98.3,36.7
1179,William Walker Elementary School,E,None,Science,100.0,45.5
39,Wilson Elementary School,E,Parks & Rec program,English Language Arts,97.0,51.3
39,Wilson Elementary School,E,Parks & Rec program,Mathematics,97.0,55.1
39,Wilson Elementary School,E,Parks & Rec program,Science,100.0,82.7
277,Winchester Elementary,E,None,English Language Arts,99.4,26.9
277,Winchester Elementary,E,None,Mathematics,99.4,23.4
277,Winchester Elementary,E,None,Science,100.0,66.7
4857,Winter Lakes School,H,None,English Language Arts,93.8,56.7
4857,Winter Lakes School,H,None,Mathematics,None,5.0
4857,Winter Lakes School,H,None,Science,93.3,39.3
1151,Witch Hazel Elementary School,E,Hillsboro Park and Rec Jump into Summer Program,English Language Arts,99.7,40.1
1151,Witch Hazel Elementary School,E,Hillsboro Park and Rec Jump into Summer Program,Mathematics,99.7,30.5
1151,Witch Hazel Elementary School,E,Hillsboro Park and Rec Jump into Summer Program,Science,100.0,52.1
4543,Woodburn Arts and Communications Academy,H,Summer School program with math literacy & social sciences,English Language Arts,97.3,70.4
4543,Woodburn Arts and Communications Academy,H,Summer School program with math literacy & social sciences,Mathematics,98.6,8.3
4543,Woodburn Arts and Communications Academy,H,Summer School program with math literacy & social sciences,Science,100.0,27.4
1365,Woodland Elementary,E,Metropolitan Family Services (SUN) will be running a program from 7/13-8/6 (registration required) with reading readiness and activities. Early Kindergarten Transition will be participating (EKT)as well.    ,English Language Arts,98.2,31.7
1365,Woodland Elementary,E,Metropolitan Family Services (SUN) will be running a program from 7/13-8/6 (registration required) with reading readiness and activities. Early Kindergarten Transition will be participating (EKT)as well.    ,Mathematics,98.7,22.7
1365,Woodland Elementary,E,Metropolitan Family Services (SUN) will be running a program from 7/13-8/6 (registration required) with reading readiness and activities. Early Kindergarten Transition will be participating (EKT)as well.    ,Science,98.6,46.6
902,Woodlawn Elementary School,E,Reading writing games sports arts and crafts. ,English Language Arts,97.3,26.1
902,Woodlawn Elementary School,E,Reading writing games sports arts and crafts. ,Mathematics,97.3,20.9
902,Woodlawn Elementary School,E,Reading writing games sports arts and crafts. ,Science,98.5,30.0
903,Woodmere Elementary School,E,Reading art crafts and physical recreation activities,English Language Arts,98.2,42.2
903,Woodmere Elementary School,E,Reading art crafts and physical recreation activities,Mathematics,99.4,33.3
903,Woodmere Elementary School,E,Reading art crafts and physical recreation activities,Science,100.0,58.7
1213,Yamhill Carlton Elementary School,E,Summer School Summer Library Program American Heart Association Jumps and Hoops and Local Summer Bible School is held in the school building,English Language Arts,97.5,34.2
1213,Yamhill Carlton Elementary School,E,Summer School Summer Library Program American Heart Association Jumps and Hoops and Local Summer Bible School is held in the school building,Mathematics,98.1,44.2
764,Yoshikai Elementary School,E,None,English Language Arts,99.6,49.2
764,Yoshikai Elementary School,E,None,Mathematics,99.6,55.2
764,Yoshikai Elementary School,E,None,Science,100.0,74.0
